{
    "all_optimizers": 0.00039824,
    "cumulative_optimizer_timing": 0.00039649300000000004,
    "planner": 0.005539242000000001,
    "planner_binding": 0.005533625,
    "physical_planner": 0.00007202900000000001,
    "physical_planner_column_binding": 0.000016438,
    "physical_planner_resolve_types": 0.000001568,
    "physical_planner_create_plan": 0.000049132,
    "optimizer_common_subexpressions": 0.000043364,
    "optimizer_statistics_propagation": 0.000112074,
    "optimizer_unused_columns": 0.000019878,
    "optimizer_unnest_rewriter": 8e-7,
    "optimizer_deliminator": 7.32e-7,
    "optimizer_join_order": 0.000054329,
    "optimizer_in_clause": 0.00000141,
    "optimizer_regex_range": 9.15e-7,
    "optimizer_cte_filter_pusher": 0.000001141,
    "optimizer_empty_result_pullup": 9.16e-7,
    "optimizer_filter_pushdown": 0.000030691,
    "optimizer_filter_pullup": 0.000002336,
    "optimizer_expression_rewriter": 0.00006959,
    "optimizer_common_aggregate": 0.000007935,
    "optimizer_column_lifetime": 0.000021284,
    "cumulative_rows_scanned": 96019152,
    "cumulative_cardinality": 48009596,
    "extra_info": {},
    "cpu_time": 1.1905677399999997,
    "system_peak_temp_dir_size": 0,
    "optimizer_reorder_filter": 0.000003448,
    "system_peak_buffer_memory": 2294485888,
    "optimizer_duplicate_groups": 0.000009659,
    "blocked_thread_time": 0.0,
    "optimizer_compressed_materialization": 0.0,
    "query_name": "select\n\tl_returnflag,\n\tl_linestatus,\n\tsum(l_quantity) as sum_qty,\n\tsum(l_extendedprice) as sum_base_price,\n\tsum(l_extendedprice * (1 - l_discount)) as sum_disc_price,\n\tsum(l_extendedprice * (1 - l_discount) * (1 + l_tax)) as sum_charge,\n\tavg(l_quantity) as avg_qty,\n\tavg(l_extendedprice) as avg_price,\n\tavg(l_discount) as avg_disc,\n\tcount(*) as count_order\nfrom\n\tlineitem\nwhere\n\tl_shipdate <= '1998-12-01'\ngroup by\n\tl_returnflag,\n\tl_linestatus\norder by\n\tl_returnflag,\n\tl_linestatus;",
    "result_set_size": 384,
    "optimizer_build_side_probe_side": 0.000004971,
    "latency": 0.165660369,
    "optimizer_limit_pushdown": 6.33e-7,
    "rows_returned": 4,
    "optimizer_top_n": 7.32e-7,
    "optimizer_late_materialization": 8.64e-7,
    "optimizer_sum_rewriter": 0.000005224,
    "optimizer_materialized_cte": 0.0,
    "optimizer_extension": 0.0,
    "optimizer_join_filter_pushdown": 0.00000311,
    "optimizer_sampling_pushdown": 4.57e-7,
    "children": [
        {
            "operator_timing": 0.000001922,
            "operator_rows_scanned": 0,
            "cumulative_rows_scanned": 96019152,
            "operator_cardinality": 4,
            "operator_type": "PROJECTION",
            "cumulative_cardinality": 48009596,
            "extra_info": {
                "Projections": [
                    "__internal_decompress_string(#0)",
                    "__internal_decompress_string(#1)",
                    "#2",
                    "#3",
                    "#4",
                    "#5",
                    "#6",
                    "#7",
                    "#8",
                    "#9"
                ],
                "Estimated Cardinality": "5"
            },
            "cpu_time": 1.1905677399999997,
            "operator_name": "PROJECTION",
            "result_set_size": 384,
            "children": [
                {
                    "operator_timing": 0.00004677,
                    "operator_rows_scanned": 0,
                    "cumulative_rows_scanned": 96019152,
                    "operator_cardinality": 4,
                    "operator_type": "ORDER_BY",
                    "cumulative_cardinality": 48009592,
                    "extra_info": {
                        "Order By": [
                            "memory.main.lineitem.l_returnflag ASC",
                            "memory.main.lineitem.l_linestatus ASC"
                        ]
                    },
                    "cpu_time": 1.1905658179999996,
                    "operator_name": "ORDER_BY",
                    "result_set_size": 264,
                    "children": [
                        {
                            "operator_timing": 0.000008661,
                            "operator_rows_scanned": 0,
                            "cumulative_rows_scanned": 96019152,
                            "operator_cardinality": 4,
                            "operator_type": "PROJECTION",
                            "cumulative_cardinality": 48009588,
                            "extra_info": {
                                "Projections": [
                                    "__internal_compress_string_utinyint(#0)",
                                    "__internal_compress_string_utinyint(#1)",
                                    "#2",
                                    "#3",
                                    "#4",
                                    "#5",
                                    "#6",
                                    "#7",
                                    "#8",
                                    "#9"
                                ],
                                "Estimated Cardinality": "5"
                            },
                            "cpu_time": 1.1905190479999996,
                            "operator_name": "PROJECTION",
                            "result_set_size": 264,
                            "children": [
                                {
                                    "operator_timing": 0.000003335,
                                    "operator_rows_scanned": 0,
                                    "cumulative_rows_scanned": 96019152,
                                    "operator_cardinality": 4,
                                    "operator_type": "PROJECTION",
                                    "cumulative_cardinality": 48009584,
                                    "extra_info": {
                                        "Projections": [
                                            "__internal_decompress_string(#0)",
                                            "__internal_decompress_string(#1)",
                                            "#2",
                                            "#3",
                                            "#4",
                                            "#5",
                                            "#6",
                                            "#7",
                                            "#8",
                                            "#9"
                                        ],
                                        "Estimated Cardinality": "5"
                                    },
                                    "cpu_time": 1.1905103869999996,
                                    "operator_name": "PROJECTION",
                                    "result_set_size": 384,
                                    "children": [
                                        {
                                            "operator_timing": 0.41456771199999987,
                                            "operator_rows_scanned": 0,
                                            "cumulative_rows_scanned": 96019152,
                                            "operator_cardinality": 4,
                                            "operator_type": "PERFECT_HASH_GROUP_BY",
                                            "cumulative_cardinality": 48009580,
                                            "extra_info": {
                                                "Groups": [
                                                    "#0",
                                                    "#1"
                                                ],
                                                "Aggregates": [
                                                    "sum(#2)",
                                                    "sum(#3)",
                                                    "sum(#4)",
                                                    "sum(#5)",
                                                    "avg(#6)",
                                                    "avg(#7)",
                                                    "avg(#8)",
                                                    "count_star()"
                                                ]
                                            },
                                            "cpu_time": 1.1905070519999996,
                                            "operator_name": "PERFECT_HASH_GROUP_BY",
                                            "result_set_size": 264,
                                            "children": [
                                                {
                                                    "operator_timing": 0.12780199699999997,
                                                    "operator_rows_scanned": 0,
                                                    "cumulative_rows_scanned": 96019152,
                                                    "operator_cardinality": 12002394,
                                                    "operator_type": "PROJECTION",
                                                    "cumulative_cardinality": 48009576,
                                                    "extra_info": {
                                                        "Projections": [
                                                            "l_returnflag",
                                                            "l_linestatus",
                                                            "l_quantity",
                                                            "l_extendedprice",
                                                            "#4",
                                                            "(#4 * (1.0 + l_tax))",
                                                            "l_quantity",
                                                            "l_extendedprice",
                                                            "l_discount"
                                                        ],
                                                        "Estimated Cardinality": "2400478"
                                                    },
                                                    "cpu_time": 0.7759393399999999,
                                                    "operator_name": "PROJECTION",
                                                    "result_set_size": 696138852,
                                                    "children": [
                                                        {
                                                            "operator_timing": 0.10656700100000005,
                                                            "operator_rows_scanned": 0,
                                                            "cumulative_rows_scanned": 96019152,
                                                            "operator_cardinality": 12002394,
                                                            "operator_type": "PROJECTION",
                                                            "cumulative_cardinality": 36007182,
                                                            "extra_info": {
                                                                "Projections": [
                                                                    "__internal_compress_string_utinyint(#0)",
                                                                    "__internal_compress_string_utinyint(#1)",
                                                                    "#2",
                                                                    "#3",
                                                                    "#4",
                                                                    "#5",
                                                                    "#6"
                                                                ],
                                                                "Estimated Cardinality": "2400478"
                                                            },
                                                            "cpu_time": 0.6481373429999999,
                                                            "operator_name": "PROJECTION",
                                                            "result_set_size": 504100548,
                                                            "children": [
                                                                {
                                                                    "operator_timing": 0.13197513200000002,
                                                                    "operator_rows_scanned": 0,
                                                                    "cumulative_rows_scanned": 96019152,
                                                                    "operator_cardinality": 12002394,
                                                                    "operator_type": "PROJECTION",
                                                                    "cumulative_cardinality": 24004788,
                                                                    "extra_info": {
                                                                        "Projections": [
                                                                            "l_returnflag",
                                                                            "l_linestatus",
                                                                            "l_quantity",
                                                                            "l_extendedprice",
                                                                            "(l_extendedprice * (1.0 - l_discount))",
                                                                            "l_tax",
                                                                            "l_discount"
                                                                        ],
                                                                        "Estimated Cardinality": "2400478"
                                                                    },
                                                                    "cpu_time": 0.5415703419999999,
                                                                    "operator_name": "PROJECTION",
                                                                    "result_set_size": 864172368,
                                                                    "children": [
                                                                        {
                                                                            "operator_timing": 0.4095952099999999,
                                                                            "operator_rows_scanned": 96019152,
                                                                            "cumulative_rows_scanned": 96019152,
                                                                            "operator_cardinality": 12002394,
                                                                            "operator_type": "TABLE_SCAN",
                                                                            "cumulative_cardinality": 12002394,
                                                                            "extra_info": {
                                                                                "Table": "lineitem",
                                                                                "Type": "Sequential Scan",
                                                                                "Projections": [
                                                                                    "l_returnflag",
                                                                                    "l_linestatus",
                                                                                    "l_quantity",
                                                                                    "l_extendedprice",
                                                                                    "l_discount",
                                                                                    "l_tax"
                                                                                ],
                                                                                "Estimated Cardinality": "2400478"
                                                                            },
                                                                            "cpu_time": 0.4095952099999999,
                                                                            "operator_name": "SEQ_SCAN ",
                                                                            "result_set_size": 768153216,
                                                                            "children": []
                                                                        }
                                                                    ]
                                                                }
                                                            ]
                                                        }
                                                    ]
                                                }
                                            ]
                                        }
                                    ]
                                }
                            ]
                        }
                    ]
                }
            ]
        }
    ]
}