{
    "all_optimizers": 0.00042521100000000005,
    "cumulative_optimizer_timing": 0.00042391299999999994,
    "planner": 0.00026041,
    "planner_binding": 0.000257952,
    "physical_planner": 0.000056622,
    "physical_planner_column_binding": 0.000008583,
    "physical_planner_resolve_types": 0.000001646,
    "physical_planner_create_plan": 0.000042894,
    "optimizer_common_subexpressions": 0.000004898,
    "optimizer_statistics_propagation": 0.000122328,
    "optimizer_unused_columns": 0.000013694,
    "optimizer_unnest_rewriter": 5.09e-7,
    "optimizer_deliminator": 3.58e-7,
    "optimizer_join_order": 0.000103083,
    "optimizer_in_clause": 7.94e-7,
    "optimizer_regex_range": 5.27e-7,
    "optimizer_cte_filter_pusher": 5.94e-7,
    "optimizer_empty_result_pullup": 6.94e-7,
    "optimizer_filter_pushdown": 0.000054206,
    "optimizer_filter_pullup": 0.000002375,
    "optimizer_expression_rewriter": 0.000042239,
    "optimizer_common_aggregate": 0.000003462,
    "optimizer_column_lifetime": 0.000021832,
    "cumulative_rows_scanned": 982142642,
    "cumulative_cardinality": 37801529,
    "extra_info": {},
    "cpu_time": 2.501685837,
    "system_peak_temp_dir_size": 0,
    "optimizer_reorder_filter": 0.000003093,
    "system_peak_buffer_memory": 12135971008,
    "optimizer_duplicate_groups": 0.000005101,
    "blocked_thread_time": 0.0,
    "optimizer_compressed_materialization": 0.0,
    "query_name": "select\n\tc_custkey,\n\tc_name,\n\tsum(l_extendedprice * (1 - l_discount)) as revenue,\n\tc_acctbal,\n\tn_name,\n\tc_address,\n\tc_phone,\n\tc_comment\nfrom\n\tcustomer,\n\torders,\n\tlineitem,\n\tnation\nwhere\n\tc_custkey = o_custkey\n\tand l_orderkey = o_orderkey\n\tand o_orderdate >= '1993-10-01'\n\tand o_orderdate < '1994-01-01'\n\tand l_returnflag = 'R'\n\tand c_nationkey = n_nationkey\ngroup by\n\tc_custkey,\n\tc_name,\n\tc_acctbal,\n\tc_phone,\n\tn_name,\n\tc_address,\n\tc_comment\norder by\n\trevenue desc;\n",
    "result_set_size": 0,
    "optimizer_build_side_probe_side": 0.00001615,
    "latency": 0.2257476,
    "optimizer_limit_pushdown": 3.96e-7,
    "rows_returned": 0,
    "optimizer_top_n": 4.57e-7,
    "optimizer_late_materialization": 5.1e-7,
    "optimizer_sum_rewriter": 0.000003144,
    "optimizer_materialized_cte": 0.0,
    "optimizer_extension": 0.0,
    "optimizer_join_filter_pushdown": 0.000023175,
    "optimizer_sampling_pushdown": 2.94e-7,
    "children": [
        {
            "operator_timing": 0.0,
            "operator_rows_scanned": 0,
            "cumulative_rows_scanned": 982142642,
            "operator_cardinality": 0,
            "operator_type": "PROJECTION",
            "cumulative_cardinality": 37801529,
            "extra_info": {
                "Projections": [
                    "__internal_decompress_integral_bigint(#0, 2)",
                    "#1",
                    "#2",
                    "#3",
                    "__internal_decompress_string(#4)",
                    "#5",
                    "__internal_decompress_string(#6)",
                    "#7"
                ],
                "Estimated Cardinality": "483261"
            },
            "cpu_time": 2.501685837,
            "operator_name": "PROJECTION",
            "result_set_size": 0,
            "children": [
                {
                    "operator_timing": 0.13939856899999994,
                    "operator_rows_scanned": 0,
                    "cumulative_rows_scanned": 982142642,
                    "operator_cardinality": 0,
                    "operator_type": "ORDER_BY",
                    "cumulative_cardinality": 37801529,
                    "extra_info": {
                        "Order By": "sum((memory.main.lineitem.l_extendedprice * (1 - memory.main.lineitem.l_discount))) DESC"
                    },
                    "cpu_time": 2.501685837,
                    "operator_name": "ORDER_BY",
                    "result_set_size": 0,
                    "children": [
                        {
                            "operator_timing": 0.008895741,
                            "operator_rows_scanned": 0,
                            "cumulative_rows_scanned": 982142642,
                            "operator_cardinality": 381105,
                            "operator_type": "PROJECTION",
                            "cumulative_cardinality": 37801529,
                            "extra_info": {
                                "Projections": [
                                    "__internal_compress_integral_uinteger(#0, 2)",
                                    "#1",
                                    "#2",
                                    "#3",
                                    "__internal_compress_string_hugeint(#4)",
                                    "#5",
                                    "__internal_compress_string_hugeint(#6)",
                                    "#7"
                                ],
                                "Estimated Cardinality": "483261"
                            },
                            "cpu_time": 2.362287268,
                            "operator_name": "PROJECTION",
                            "result_set_size": 41159340,
                            "children": [
                                {
                                    "operator_timing": 0.000189654,
                                    "operator_rows_scanned": 0,
                                    "cumulative_rows_scanned": 982142642,
                                    "operator_cardinality": 381105,
                                    "operator_type": "PROJECTION",
                                    "cumulative_cardinality": 37420424,
                                    "extra_info": {
                                        "Projections": [
                                            "c_custkey",
                                            "c_name",
                                            "revenue",
                                            "c_acctbal",
                                            "n_name",
                                            "c_address",
                                            "c_phone",
                                            "c_comment"
                                        ],
                                        "Estimated Cardinality": "483261"
                                    },
                                    "cpu_time": 2.3533915270000003,
                                    "operator_name": "PROJECTION",
                                    "result_set_size": 42683760,
                                    "children": [
                                        {
                                            "operator_timing": 0.008322539,
                                            "operator_rows_scanned": 0,
                                            "cumulative_rows_scanned": 982142642,
                                            "operator_cardinality": 381105,
                                            "operator_type": "PROJECTION",
                                            "cumulative_cardinality": 37039319,
                                            "extra_info": {
                                                "Projections": [
                                                    "__internal_decompress_integral_bigint(#0, 2)",
                                                    "#1",
                                                    "#2",
                                                    "__internal_decompress_string(#3)",
                                                    "__internal_decompress_string(#4)",
                                                    "#5",
                                                    "#6",
                                                    "#7"
                                                ],
                                                "Estimated Cardinality": "483261"
                                            },
                                            "cpu_time": 2.353201873,
                                            "operator_name": "PROJECTION",
                                            "result_set_size": 42683760,
                                            "children": [
                                                {
                                                    "operator_timing": 0.3996290770000001,
                                                    "operator_rows_scanned": 0,
                                                    "cumulative_rows_scanned": 982142642,
                                                    "operator_cardinality": 381105,
                                                    "operator_type": "HASH_GROUP_BY",
                                                    "cumulative_cardinality": 36658214,
                                                    "extra_info": {
                                                        "Groups": [
                                                            "#0",
                                                            "#1",
                                                            "#2",
                                                            "#3",
                                                            "#4",
                                                            "#5",
                                                            "#6"
                                                        ],
                                                        "Aggregates": "sum(#7)",
                                                        "Estimated Cardinality": "483261"
                                                    },
                                                    "cpu_time": 2.3448793340000003,
                                                    "operator_name": "HASH_GROUP_BY",
                                                    "result_set_size": 41159340,
                                                    "children": [
                                                        {
                                                            "operator_timing": 0.005420306999999999,
                                                            "operator_rows_scanned": 0,
                                                            "cumulative_rows_scanned": 982142642,
                                                            "operator_cardinality": 1147084,
                                                            "operator_type": "PROJECTION",
                                                            "cumulative_cardinality": 36277109,
                                                            "extra_info": {
                                                                "Projections": [
                                                                    "c_custkey",
                                                                    "c_name",
                                                                    "c_acctbal",
                                                                    "c_phone",
                                                                    "n_name",
                                                                    "c_address",
                                                                    "c_comment",
                                                                    "(l_extendedprice * (1.00 - l_discount))"
                                                                ],
                                                                "Estimated Cardinality": "483261"
                                                            },
                                                            "cpu_time": 1.945250257,
                                                            "operator_name": "PROJECTION",
                                                            "result_set_size": 114708400,
                                                            "children": [
                                                                {
                                                                    "operator_timing": 0.031463146,
                                                                    "operator_rows_scanned": 0,
                                                                    "cumulative_rows_scanned": 982142642,
                                                                    "operator_cardinality": 1147084,
                                                                    "operator_type": "PROJECTION",
                                                                    "cumulative_cardinality": 35130025,
                                                                    "extra_info": {
                                                                        "Projections": [
                                                                            "#0",
                                                                            "#1",
                                                                            "__internal_compress_integral_uinteger(#2, 2)",
                                                                            "#3",
                                                                            "#4",
                                                                            "__internal_compress_string_hugeint(#5)",
                                                                            "#6",
                                                                            "#7",
                                                                            "__internal_compress_string_hugeint(#8)"
                                                                        ],
                                                                        "Estimated Cardinality": "483261"
                                                                    },
                                                                    "cpu_time": 1.93982995,
                                                                    "operator_name": "PROJECTION",
                                                                    "result_set_size": 123885072,
                                                                    "children": [
                                                                        {
                                                                            "operator_timing": 0.8243995969999999,
                                                                            "operator_rows_scanned": 0,
                                                                            "cumulative_rows_scanned": 982142642,
                                                                            "operator_cardinality": 1147084,
                                                                            "operator_type": "HASH_JOIN",
                                                                            "cumulative_cardinality": 33982941,
                                                                            "extra_info": {
                                                                                "Join Type": "INNER",
                                                                                "Conditions": "l_orderkey = o_orderkey",
                                                                                "Estimated Cardinality": "483261"
                                                                            },
                                                                            "cpu_time": 1.9083668040000001,
                                                                            "operator_name": "HASH_JOIN",
                                                                            "result_set_size": 128473408,
                                                                            "children": [
                                                                                {
                                                                                    "operator_timing": 0.12368176000000002,
                                                                                    "operator_rows_scanned": 0,
                                                                                    "cumulative_rows_scanned": 959776832,
                                                                                    "operator_cardinality": 14808182,
                                                                                    "operator_type": "FILTER",
                                                                                    "cumulative_cardinality": 29616364,
                                                                                    "extra_info": {
                                                                                        "Expression": "(l_orderkey BETWEEN 3 AND 59999971)",
                                                                                        "Estimated Cardinality": "19995351"
                                                                                    },
                                                                                    "cpu_time": 0.9455966960000002,
                                                                                    "operator_name": "FILTER",
                                                                                    "result_set_size": 355396368,
                                                                                    "children": [
                                                                                        {
                                                                                            "operator_timing": 0.8219149360000002,
                                                                                            "operator_rows_scanned": 959776832,
                                                                                            "cumulative_rows_scanned": 959776832,
                                                                                            "operator_cardinality": 14808182,
                                                                                            "operator_type": "TABLE_SCAN",
                                                                                            "cumulative_cardinality": 14808182,
                                                                                            "extra_info": {
                                                                                                "Table": "lineitem",
                                                                                                "Type": "Sequential Scan",
                                                                                                "Projections": [
                                                                                                    "l_orderkey",
                                                                                                    "l_extendedprice",
                                                                                                    "l_discount"
                                                                                                ],
                                                                                                "Filters": "l_returnflag='R'",
                                                                                                "Estimated Cardinality": "19995351"
                                                                                            },
                                                                                            "cpu_time": 0.8219149360000002,
                                                                                            "operator_name": "SEQ_SCAN ",
                                                                                            "result_set_size": 355396368,
                                                                                            "children": []
                                                                                        }
                                                                                    ]
                                                                                },
                                                                                {
                                                                                    "operator_timing": 0.005067776,
                                                                                    "operator_rows_scanned": 0,
                                                                                    "cumulative_rows_scanned": 22365810,
                                                                                    "operator_cardinality": 573157,
                                                                                    "operator_type": "HASH_JOIN",
                                                                                    "cumulative_cardinality": 3219493,
                                                                                    "extra_info": {
                                                                                        "Join Type": "INNER",
                                                                                        "Conditions": "c_nationkey = n_nationkey",
                                                                                        "Estimated Cardinality": "129659"
                                                                                    },
                                                                                    "cpu_time": 0.13837051099999997,
                                                                                    "operator_name": "HASH_JOIN",
                                                                                    "result_set_size": 59608328,
                                                                                    "children": [
                                                                                        {
                                                                                            "operator_timing": 0.087637156,
                                                                                            "operator_rows_scanned": 0,
                                                                                            "cumulative_rows_scanned": 22365785,
                                                                                            "operator_cardinality": 573157,
                                                                                            "operator_type": "HASH_JOIN",
                                                                                            "cumulative_cardinality": 2646311,
                                                                                            "extra_info": {
                                                                                                "Join Type": "INNER",
                                                                                                "Conditions": "c_custkey = o_custkey",
                                                                                                "Estimated Cardinality": "134845"
                                                                                            },
                                                                                            "cpu_time": 0.13329128099999998,
                                                                                            "operator_name": "HASH_JOIN",
                                                                                            "result_set_size": 52730444,
                                                                                            "children": [
                                                                                                {
                                                                                                    "operator_timing": 0.045120159999999986,
                                                                                                    "operator_rows_scanned": 19500000,
                                                                                                    "cumulative_rows_scanned": 19500000,
                                                                                                    "operator_cardinality": 1499997,
                                                                                                    "operator_type": "TABLE_SCAN",
                                                                                                    "cumulative_cardinality": 1499997,
                                                                                                    "extra_info": {
                                                                                                        "Table": "customer",
                                                                                                        "Type": "Sequential Scan",
                                                                                                        "Projections": [
                                                                                                            "c_custkey",
                                                                                                            "c_nationkey",
                                                                                                            "c_name",
                                                                                                            "c_acctbal",
                                                                                                            "c_phone",
                                                                                                            "c_address",
                                                                                                            "c_comment"
                                                                                                        ],
                                                                                                        "Filters": "c_custkey>=2 AND c_custkey<=1499998",
                                                                                                        "Estimated Cardinality": "1500000"
                                                                                                    },
                                                                                                    "cpu_time": 0.045120159999999986,
                                                                                                    "operator_name": "SEQ_SCAN ",
                                                                                                    "result_set_size": 125999748,
                                                                                                    "children": []
                                                                                                },
                                                                                                {
                                                                                                    "operator_timing": 0.0005339650000000001,
                                                                                                    "operator_rows_scanned": 2865785,
                                                                                                    "cumulative_rows_scanned": 2865785,
                                                                                                    "operator_cardinality": 573157,
                                                                                                    "operator_type": "TABLE_SCAN",
                                                                                                    "cumulative_cardinality": 573157,
                                                                                                    "extra_info": {
                                                                                                        "Table": "orders",
                                                                                                        "Type": "Sequential Scan",
                                                                                                        "Projections": [
                                                                                                            "o_custkey",
                                                                                                            "o_orderkey"
                                                                                                        ],
                                                                                                        "Estimated Cardinality": "114631"
                                                                                                    },
                                                                                                    "cpu_time": 0.0005339650000000001,
                                                                                                    "operator_name": "SEQ_SCAN ",
                                                                                                    "result_set_size": 9170512,
                                                                                                    "children": []
                                                                                                }
                                                                                            ]
                                                                                        },
                                                                                        {
                                                                                            "operator_timing": 0.000011453999999999999,
                                                                                            "operator_rows_scanned": 25,
                                                                                            "cumulative_rows_scanned": 25,
                                                                                            "operator_cardinality": 25,
                                                                                            "operator_type": "TABLE_SCAN",
                                                                                            "cumulative_cardinality": 25,
                                                                                            "extra_info": {
                                                                                                "Table": "nation",
                                                                                                "Type": "Sequential Scan",
                                                                                                "Projections": [
                                                                                                    "n_nationkey",
                                                                                                    "n_name"
                                                                                                ],
                                                                                                "Estimated Cardinality": "25"
                                                                                            },
                                                                                            "cpu_time": 0.000011453999999999999,
                                                                                            "operator_name": "SEQ_SCAN ",
                                                                                            "result_set_size": 500,
                                                                                            "children": []
                                                                                        }
                                                                                    ]
                                                                                }
                                                                            ]
                                                                        }
                                                                    ]
                                                                }
                                                            ]
                                                        }
                                                    ]
                                                }
                                            ]
                                        }
                                    ]
                                }
                            ]
                        }
                    ]
                }
            ]
        }
    ]
}