{
    "all_optimizers": 0.00031427599999999994,
    "cumulative_optimizer_timing": 0.00031365,
    "planner": 0.00032572600000000003,
    "planner_binding": 0.000323064,
    "physical_planner": 0.000030235,
    "physical_planner_column_binding": 0.000003631,
    "physical_planner_resolve_types": 4.89e-7,
    "physical_planner_create_plan": 0.000023665,
    "optimizer_common_subexpressions": 0.000013495,
    "optimizer_statistics_propagation": 0.000050152,
    "optimizer_unused_columns": 0.000013648,
    "optimizer_unnest_rewriter": 9.73e-7,
    "optimizer_deliminator": 6.05e-7,
    "optimizer_join_order": 0.000063136,
    "optimizer_in_clause": 0.000001095,
    "optimizer_regex_range": 5e-7,
    "optimizer_cte_filter_pusher": 8.24e-7,
    "optimizer_empty_result_pullup": 0.000001114,
    "optimizer_filter_pushdown": 0.000042221,
    "optimizer_filter_pullup": 0.000002124,
    "optimizer_expression_rewriter": 0.000069002,
    "optimizer_common_aggregate": 0.000004797,
    "optimizer_column_lifetime": 0.000008644,
    "cumulative_rows_scanned": 1903932,
    "cumulative_cardinality": 1159828,
    "extra_info": {},
    "cpu_time": 0.03615271200000001,
    "system_peak_temp_dir_size": 0,
    "optimizer_reorder_filter": 0.000001539,
    "system_peak_buffer_memory": 119474432,
    "optimizer_duplicate_groups": 0.000003444,
    "blocked_thread_time": 0.0,
    "optimizer_compressed_materialization": 0.0,
    "query_name": "select\n\t100.00 * sum(case\n\t\twhen p_type like 'PROMO%'\n\t\t\tthen l_extendedprice * (1 - l_discount)\n\t\telse 0\n\tend) / sum(l_extendedprice * (1 - l_discount)) as promo_revenue\nfrom\n\tlineitem,\n\tpart\nwhere\n\tl_partkey = p_partkey\n\tand l_shipdate >= '1995-09-01'\n\tand l_shipdate < '1995-10-01'\n",
    "result_set_size": 8,
    "optimizer_build_side_probe_side": 0.000011924,
    "latency": 0.02096823,
    "optimizer_limit_pushdown": 3.94e-7,
    "rows_returned": 1,
    "optimizer_top_n": 6.51e-7,
    "optimizer_late_materialization": 7.12e-7,
    "optimizer_sum_rewriter": 0.000004741,
    "optimizer_materialized_cte": 0.0,
    "optimizer_extension": 0.0,
    "optimizer_join_filter_pushdown": 0.000017534,
    "optimizer_sampling_pushdown": 3.81e-7,
    "children": [
        {
            "operator_timing": 0.000003173,
            "operator_rows_scanned": 0,
            "cumulative_rows_scanned": 1903932,
            "operator_cardinality": 1,
            "operator_type": "PROJECTION",
            "cumulative_cardinality": 1159828,
            "extra_info": {
                "Projections": "promo_revenue",
                "Estimated Cardinality": "1"
            },
            "cpu_time": 0.03615271200000001,
            "operator_name": "PROJECTION",
            "result_set_size": 8,
            "children": [
                {
                    "operator_timing": 0.0010116340000000002,
                    "operator_rows_scanned": 0,
                    "cumulative_rows_scanned": 1903932,
                    "operator_cardinality": 1,
                    "operator_type": "UNGROUPED_AGGREGATE",
                    "cumulative_cardinality": 1159827,
                    "extra_info": {
                        "Aggregates": [
                            "sum(#0)",
                            "sum(#1)"
                        ]
                    },
                    "cpu_time": 0.03614953900000001,
                    "operator_name": "UNGROUPED_AGGREGATE",
                    "result_set_size": 16,
                    "children": [
                        {
                            "operator_timing": 0.005333599000000001,
                            "operator_rows_scanned": 0,
                            "cumulative_rows_scanned": 1903932,
                            "operator_cardinality": 303932,
                            "operator_type": "PROJECTION",
                            "cumulative_cardinality": 1159826,
                            "extra_info": {
                                "Projections": [
                                    "CASE  WHEN (prefix(p_type, 'PROMO')) THEN ((l_extendedprice * (1.0 - l_discount))) ELSE 0.0 END",
                                    "(l_extendedprice * (1.0 - l_discount))"
                                ],
                                "Estimated Cardinality": "115758"
                            },
                            "cpu_time": 0.03513790500000001,
                            "operator_name": "PROJECTION",
                            "result_set_size": 4862912,
                            "children": [
                                {
                                    "operator_timing": 0.027209525000000005,
                                    "operator_rows_scanned": 0,
                                    "cumulative_rows_scanned": 1903932,
                                    "operator_cardinality": 303932,
                                    "operator_type": "HASH_JOIN",
                                    "cumulative_cardinality": 855894,
                                    "extra_info": {
                                        "Join Type": "INNER",
                                        "Conditions": "p_partkey = l_partkey",
                                        "Estimated Cardinality": "115758"
                                    },
                                    "cpu_time": 0.029804306000000006,
                                    "operator_name": "HASH_JOIN",
                                    "result_set_size": 9725824,
                                    "children": [
                                        {
                                            "operator_timing": 0.0023449640000000006,
                                            "operator_rows_scanned": 1600000,
                                            "cumulative_rows_scanned": 1600000,
                                            "operator_cardinality": 399996,
                                            "operator_type": "TABLE_SCAN",
                                            "cumulative_cardinality": 399996,
                                            "extra_info": {
                                                "Table": "part",
                                                "Type": "Sequential Scan",
                                                "Projections": [
                                                    "p_partkey",
                                                    "p_type"
                                                ],
                                                "Filters": "p_partkey<=199998",
                                                "Estimated Cardinality": "400000"
                                            },
                                            "cpu_time": 0.0023449640000000006,
                                            "operator_name": "SEQ_SCAN ",
                                            "result_set_size": 9599904,
                                            "children": []
                                        },
                                        {
                                            "operator_timing": 0.00024981699999999994,
                                            "operator_rows_scanned": 303932,
                                            "cumulative_rows_scanned": 303932,
                                            "operator_cardinality": 151966,
                                            "operator_type": "TABLE_SCAN",
                                            "cumulative_cardinality": 151966,
                                            "extra_info": {
                                                "Table": "lineitem",
                                                "Type": "Sequential Scan",
                                                "Projections": [
                                                    "l_partkey",
                                                    "l_extendedprice",
                                                    "l_discount"
                                                ],
                                                "Estimated Cardinality": "30393"
                                            },
                                            "cpu_time": 0.00024981699999999994,
                                            "operator_name": "SEQ_SCAN ",
                                            "result_set_size": 3647184,
                                            "children": []
                                        }
                                    ]
                                }
                            ]
                        }
                    ]
                }
            ]
        }
    ]
}