{
    "all_optimizers": 0.0011369639999999999,
    "cumulative_optimizer_timing": 0.0011347670000000003,
    "planner": 0.000496649,
    "planner_binding": 0.000457458,
    "physical_planner": 0.000095083,
    "physical_planner_column_binding": 0.000011488,
    "physical_planner_resolve_types": 0.000002077,
    "physical_planner_create_plan": 0.000074138,
    "optimizer_common_subexpressions": 0.000007109,
    "optimizer_statistics_propagation": 0.000585335,
    "optimizer_unused_columns": 0.000024407,
    "optimizer_unnest_rewriter": 0.000001076,
    "optimizer_deliminator": 0.000007991,
    "optimizer_join_order": 0.00019625,
    "optimizer_in_clause": 0.000001701,
    "optimizer_regex_range": 0.000001358,
    "optimizer_cte_filter_pusher": 0.000001163,
    "optimizer_empty_result_pullup": 0.000001629,
    "optimizer_filter_pushdown": 0.000086253,
    "optimizer_filter_pullup": 0.000003333,
    "optimizer_expression_rewriter": 0.00009251,
    "optimizer_common_aggregate": 0.00000646,
    "optimizer_column_lifetime": 0.000032962,
    "cumulative_rows_scanned": 28971330,
    "cumulative_cardinality": 3565555,
    "extra_info": {},
    "cpu_time": 0.15053158500000002,
    "system_peak_temp_dir_size": 0,
    "optimizer_reorder_filter": 0.000004413,
    "system_peak_buffer_memory": 757991424,
    "optimizer_duplicate_groups": 0.000008091,
    "blocked_thread_time": 0.0,
    "optimizer_compressed_materialization": 0.0,
    "query_name": "select\n\ts_name,\n\ts_address\nfrom\n\tsupplier,\n\tnation\nwhere\n\ts_suppkey in (\n\t\tselect\n\t\t\tps_suppkey\n\t\tfrom\n\t\t\tpartsupp\n\t\twhere\n\t\t\tps_partkey in (\n\t\t\t\tselect\n\t\t\t\t\tp_partkey\n\t\t\t\tfrom\n\t\t\t\t\tpart\n\t\t\t\twhere\n\t\t\t\t\tp_name like 'forest%'\n\t\t\t)\n\t\t\tand ps_availqty > (\n\t\t\t\tselect\n\t\t\t\t\t0.5 * sum(l_quantity)\n\t\t\t\tfrom\n\t\t\t\t\tlineitem\n\t\t\t\twhere\n\t\t\t\t\tl_partkey = ps_partkey\n\t\t\t\t\tand l_suppkey = ps_suppkey\n\t\t\t\t\tand l_shipdate >= '1994-01-01'\n\t\t\t\t\tand l_shipdate < '1995-01-01'\n\t\t\t)\n\t)\n\tand s_nationkey = n_nationkey\n\tand n_name = 'CANADA'\norder by\n\ts_name;\n",
    "result_set_size": 23808,
    "optimizer_build_side_probe_side": 0.00002652,
    "latency": 0.033056989,
    "optimizer_limit_pushdown": 6.99e-7,
    "rows_returned": 744,
    "optimizer_top_n": 0.000001034,
    "optimizer_late_materialization": 7.41e-7,
    "optimizer_sum_rewriter": 0.000007394,
    "optimizer_materialized_cte": 0.0,
    "optimizer_extension": 0.0,
    "optimizer_join_filter_pushdown": 0.000035809,
    "optimizer_sampling_pushdown": 5.29e-7,
    "children": [
        {
            "operator_timing": 0.00014074400000000002,
            "operator_rows_scanned": 0,
            "cumulative_rows_scanned": 28971330,
            "operator_cardinality": 744,
            "operator_type": "ORDER_BY",
            "cumulative_cardinality": 3565555,
            "extra_info": {
                "Order By": "memory.main.supplier.s_name ASC"
            },
            "cpu_time": 0.15053158500000002,
            "operator_name": "ORDER_BY",
            "result_set_size": 23808,
            "children": [
                {
                    "operator_timing": 0.0015400630000000002,
                    "operator_rows_scanned": 0,
                    "cumulative_rows_scanned": 28971330,
                    "operator_cardinality": 744,
                    "operator_type": "HASH_JOIN",
                    "cumulative_cardinality": 3564811,
                    "extra_info": {
                        "Join Type": "RIGHT_SEMI",
                        "Conditions": "#0 = s_suppkey",
                        "Estimated Cardinality": "307"
                    },
                    "cpu_time": 0.15039084100000003,
                    "operator_name": "HASH_JOIN",
                    "result_set_size": 23808,
                    "children": [
                        {
                            "operator_timing": 0.000007993,
                            "operator_rows_scanned": 0,
                            "cumulative_rows_scanned": 28951280,
                            "operator_cardinality": 11652,
                            "operator_type": "PROJECTION",
                            "cumulative_cardinality": 3561593,
                            "extra_info": {
                                "Projections": "#2",
                                "Estimated Cardinality": "320000"
                            },
                            "cpu_time": 0.14809058900000002,
                            "operator_name": "PROJECTION",
                            "result_set_size": 93216,
                            "children": [
                                {
                                    "operator_timing": 0.00030922599999999996,
                                    "operator_rows_scanned": 0,
                                    "cumulative_rows_scanned": 28951280,
                                    "operator_cardinality": 11652,
                                    "operator_type": "FILTER",
                                    "cumulative_cardinality": 3549941,
                                    "extra_info": {
                                        "Expression": "(CAST(ps_availqty AS DOUBLE) > SUBQUERY)",
                                        "Estimated Cardinality": "320000"
                                    },
                                    "cpu_time": 0.148082596,
                                    "operator_name": "FILTER",
                                    "result_set_size": 279648,
                                    "children": [
                                        {
                                            "operator_timing": 0.028106024000000007,
                                            "operator_rows_scanned": 0,
                                            "cumulative_rows_scanned": 28951280,
                                            "operator_cardinality": 0,
                                            "operator_type": "RIGHT_DELIM_JOIN",
                                            "cumulative_cardinality": 3538289,
                                            "extra_info": {
                                                "Join Type": "RIGHT",
                                                "Conditions": [
                                                    "ps_partkey IS NOT DISTINCT FROM ps_partkey",
                                                    "ps_suppkey IS NOT DISTINCT FROM ps_suppkey"
                                                ],
                                                "Estimated Cardinality": "0",
                                                "Delim Index": "1"
                                            },
                                            "cpu_time": 0.14777337000000001,
                                            "operator_name": "RIGHT_DELIM_JOIN",
                                            "result_set_size": 0,
                                            "children": [
                                                {
                                                    "operator_timing": 0.026479152,
                                                    "operator_rows_scanned": 0,
                                                    "cumulative_rows_scanned": 14400000,
                                                    "operator_cardinality": 17016,
                                                    "operator_type": "HASH_JOIN",
                                                    "cumulative_cardinality": 1620270,
                                                    "extra_info": {
                                                        "Join Type": "SEMI",
                                                        "Conditions": "ps_partkey = #0",
                                                        "Estimated Cardinality": "320000"
                                                    },
                                                    "cpu_time": 0.036214049,
                                                    "operator_name": "HASH_JOIN",
                                                    "result_set_size": 408384,
                                                    "children": [
                                                        {
                                                            "operator_timing": 0.003989333,
                                                            "operator_rows_scanned": 12800000,
                                                            "cumulative_rows_scanned": 12800000,
                                                            "operator_cardinality": 1599000,
                                                            "operator_type": "TABLE_SCAN",
                                                            "cumulative_cardinality": 1599000,
                                                            "extra_info": {
                                                                "Table": "partsupp",
                                                                "Type": "Sequential Scan",
                                                                "Projections": [
                                                                    "ps_partkey",
                                                                    "ps_availqty",
                                                                    "ps_suppkey"
                                                                ],
                                                                "Estimated Cardinality": "1600000"
                                                            },
                                                            "cpu_time": 0.003989333,
                                                            "operator_name": "SEQ_SCAN ",
                                                            "result_set_size": 38376000,
                                                            "children": []
                                                        },
                                                        {
                                                            "operator_timing": 0.005745563999999999,
                                                            "operator_rows_scanned": 1600000,
                                                            "cumulative_rows_scanned": 1600000,
                                                            "operator_cardinality": 4254,
                                                            "operator_type": "TABLE_SCAN",
                                                            "cumulative_cardinality": 4254,
                                                            "extra_info": {
                                                                "Table": "part",
                                                                "Type": "Sequential Scan",
                                                                "Projections": "p_partkey",
                                                                "Filters": "p_name>='forest' AND p_name<'foresu'",
                                                                "Estimated Cardinality": "80000"
                                                            },
                                                            "cpu_time": 0.005745563999999999,
                                                            "operator_name": "SEQ_SCAN ",
                                                            "result_set_size": 34032,
                                                            "children": []
                                                        }
                                                    ]
                                                },
                                                {
                                                    "operator_timing": 0.001527248,
                                                    "operator_rows_scanned": 0,
                                                    "cumulative_rows_scanned": 14551280,
                                                    "operator_cardinality": 17016,
                                                    "operator_type": "HASH_JOIN",
                                                    "cumulative_cardinality": 1909511,
                                                    "extra_info": {
                                                        "Join Type": "RIGHT",
                                                        "Conditions": [
                                                            "ps_partkey IS NOT DISTINCT FROM ps_partkey",
                                                            "ps_suppkey IS NOT DISTINCT FROM ps_suppkey"
                                                        ],
                                                        "Estimated Cardinality": "0"
                                                    },
                                                    "cpu_time": 0.081310544,
                                                    "operator_name": "HASH_JOIN",
                                                    "result_set_size": 408384,
                                                    "children": [
                                                        {
                                                            "operator_timing": 0.00004465,
                                                            "operator_rows_scanned": 0,
                                                            "cumulative_rows_scanned": 14551280,
                                                            "operator_cardinality": 5843,
                                                            "operator_type": "PROJECTION",
                                                            "cumulative_cardinality": 1892495,
                                                            "extra_info": {
                                                                "Projections": [
                                                                    "(0.5 * sum(l_quantity))",
                                                                    "ps_partkey",
                                                                    "ps_suppkey"
                                                                ],
                                                                "Estimated Cardinality": "164090"
                                                            },
                                                            "cpu_time": 0.079783296,
                                                            "operator_name": "PROJECTION",
                                                            "result_set_size": 140232,
                                                            "children": [
                                                                {
                                                                    "operator_timing": 0.000046951000000000005,
                                                                    "operator_rows_scanned": 0,
                                                                    "cumulative_rows_scanned": 14551280,
                                                                    "operator_cardinality": 5843,
                                                                    "operator_type": "PROJECTION",
                                                                    "cumulative_cardinality": 1886652,
                                                                    "extra_info": {
                                                                        "Projections": [
                                                                            "__internal_decompress_integral_bigint(#0, 1)",
                                                                            "__internal_decompress_integral_bigint(#1, 1)",
                                                                            "#2"
                                                                        ],
                                                                        "Estimated Cardinality": "164090"
                                                                    },
                                                                    "cpu_time": 0.07973864600000001,
                                                                    "operator_name": "PROJECTION",
                                                                    "result_set_size": 140232,
                                                                    "children": [
                                                                        {
                                                                            "operator_timing": 0.005700057999999999,
                                                                            "operator_rows_scanned": 0,
                                                                            "cumulative_rows_scanned": 14551280,
                                                                            "operator_cardinality": 5843,
                                                                            "operator_type": "HASH_GROUP_BY",
                                                                            "cumulative_cardinality": 1880809,
                                                                            "extra_info": {
                                                                                "Groups": [
                                                                                    "#0",
                                                                                    "#1"
                                                                                ],
                                                                                "Aggregates": "sum(#2)",
                                                                                "Estimated Cardinality": "164090"
                                                                            },
                                                                            "cpu_time": 0.079691695,
                                                                            "operator_name": "HASH_GROUP_BY",
                                                                            "result_set_size": 81802,
                                                                            "children": [
                                                                                {
                                                                                    "operator_timing": 0.000011546,
                                                                                    "operator_rows_scanned": 0,
                                                                                    "cumulative_rows_scanned": 14551280,
                                                                                    "operator_cardinality": 19482,
                                                                                    "operator_type": "PROJECTION",
                                                                                    "cumulative_cardinality": 1874966,
                                                                                    "extra_info": {
                                                                                        "Projections": [
                                                                                            "ps_partkey",
                                                                                            "ps_suppkey",
                                                                                            "l_quantity"
                                                                                        ],
                                                                                        "Estimated Cardinality": "328181"
                                                                                    },
                                                                                    "cpu_time": 0.07399163700000001,
                                                                                    "operator_name": "PROJECTION",
                                                                                    "result_set_size": 272748,
                                                                                    "children": [
                                                                                        {
                                                                                            "operator_timing": 0.000149627,
                                                                                            "operator_rows_scanned": 0,
                                                                                            "cumulative_rows_scanned": 14551280,
                                                                                            "operator_cardinality": 19482,
                                                                                            "operator_type": "PROJECTION",
                                                                                            "cumulative_cardinality": 1855484,
                                                                                            "extra_info": {
                                                                                                "Projections": [
                                                                                                    "__internal_compress_integral_uinteger(#0, 1)",
                                                                                                    "__internal_compress_integral_usmallint(#1, 1)",
                                                                                                    "#2",
                                                                                                    "#3",
                                                                                                    "#4"
                                                                                                ],
                                                                                                "Estimated Cardinality": "328181"
                                                                                            },
                                                                                            "cpu_time": 0.07398009100000001,
                                                                                            "operator_name": "PROJECTION",
                                                                                            "result_set_size": 584460,
                                                                                            "children": [
                                                                                                {
                                                                                                    "operator_timing": 0.05163303700000001,
                                                                                                    "operator_rows_scanned": 0,
                                                                                                    "cumulative_rows_scanned": 14551280,
                                                                                                    "operator_cardinality": 19482,
                                                                                                    "operator_type": "HASH_JOIN",
                                                                                                    "cumulative_cardinality": 1836002,
                                                                                                    "extra_info": {
                                                                                                        "Join Type": "INNER",
                                                                                                        "Conditions": [
                                                                                                            "l_partkey = ps_partkey",
                                                                                                            "l_suppkey = ps_suppkey"
                                                                                                        ],
                                                                                                        "Estimated Cardinality": "328181"
                                                                                                    },
                                                                                                    "cpu_time": 0.07383046400000001,
                                                                                                    "operator_name": "HASH_JOIN",
                                                                                                    "result_set_size": 779280,
                                                                                                    "children": [
                                                                                                        {
                                                                                                            "operator_timing": 0.022197427000000006,
                                                                                                            "operator_rows_scanned": 14551280,
                                                                                                            "cumulative_rows_scanned": 14551280,
                                                                                                            "operator_cardinality": 1816520,
                                                                                                            "operator_type": "TABLE_SCAN",
                                                                                                            "cumulative_cardinality": 1816520,
                                                                                                            "extra_info": {
                                                                                                                "Table": "lineitem",
                                                                                                                "Type": "Sequential Scan",
                                                                                                                "Projections": [
                                                                                                                    "l_partkey",
                                                                                                                    "l_suppkey",
                                                                                                                    "l_quantity"
                                                                                                                ],
                                                                                                                "Estimated Cardinality": "363782"
                                                                                                            },
                                                                                                            "cpu_time": 0.022197427000000006,
                                                                                                            "operator_name": "SEQ_SCAN ",
                                                                                                            "result_set_size": 43596480,
                                                                                                            "children": []
                                                                                                        },
                                                                                                        {
                                                                                                            "operator_timing": 0.0,
                                                                                                            "operator_rows_scanned": 0,
                                                                                                            "cumulative_rows_scanned": 0,
                                                                                                            "operator_cardinality": 0,
                                                                                                            "operator_type": "DELIM_SCAN",
                                                                                                            "cumulative_cardinality": 0,
                                                                                                            "extra_info": {
                                                                                                                "Delim Index": "1",
                                                                                                                "Estimated Cardinality": "319903"
                                                                                                            },
                                                                                                            "cpu_time": 0.0,
                                                                                                            "operator_name": "DELIM_SCAN",
                                                                                                            "result_set_size": 0,
                                                                                                            "children": []
                                                                                                        }
                                                                                                    ]
                                                                                                }
                                                                                            ]
                                                                                        }
                                                                                    ]
                                                                                }
                                                                            ]
                                                                        }
                                                                    ]
                                                                }
                                                            ]
                                                        },
                                                        {
                                                            "operator_timing": 0.0,
                                                            "operator_rows_scanned": 0,
                                                            "cumulative_rows_scanned": 0,
                                                            "operator_cardinality": 0,
                                                            "operator_type": "DUMMY_SCAN",
                                                            "cumulative_cardinality": 0,
                                                            "extra_info": {},
                                                            "cpu_time": 0.0,
                                                            "operator_name": "DUMMY_SCAN",
                                                            "result_set_size": 0,
                                                            "children": []
                                                        }
                                                    ]
                                                },
                                                {
                                                    "operator_timing": 0.002142753,
                                                    "operator_rows_scanned": 0,
                                                    "cumulative_rows_scanned": 0,
                                                    "operator_cardinality": 8508,
                                                    "operator_type": "HASH_GROUP_BY",
                                                    "cumulative_cardinality": 8508,
                                                    "extra_info": {
                                                        "Groups": [
                                                            "#0",
                                                            "#2"
                                                        ],
                                                        "Aggregates": "",
                                                        "Estimated Cardinality": "319903"
                                                    },
                                                    "cpu_time": 0.002142753,
                                                    "operator_name": "HASH_GROUP_BY",
                                                    "result_set_size": 136128,
                                                    "children": []
                                                }
                                            ]
                                        }
                                    ]
                                }
                            ]
                        },
                        {
                            "operator_timing": 0.000327177,
                            "operator_rows_scanned": 0,
                            "cumulative_rows_scanned": 20050,
                            "operator_cardinality": 1648,
                            "operator_type": "HASH_JOIN",
                            "cumulative_cardinality": 2474,
                            "extra_info": {
                                "Join Type": "INNER",
                                "Conditions": "s_nationkey = n_nationkey",
                                "Estimated Cardinality": "1538"
                            },
                            "cpu_time": 0.000760189,
                            "operator_name": "HASH_JOIN",
                            "result_set_size": 72512,
                            "children": [
                                {
                                    "operator_timing": 0.00035573699999999996,
                                    "operator_rows_scanned": 20000,
                                    "cumulative_rows_scanned": 20000,
                                    "operator_cardinality": 824,
                                    "operator_type": "TABLE_SCAN",
                                    "cumulative_cardinality": 824,
                                    "extra_info": {
                                        "Table": "supplier",
                                        "Type": "Sequential Scan",
                                        "Projections": [
                                            "s_suppkey",
                                            "s_nationkey",
                                            "s_name",
                                            "s_address"
                                        ],
                                        "Estimated Cardinality": "20000"
                                    },
                                    "cpu_time": 0.00035573699999999996,
                                    "operator_name": "SEQ_SCAN ",
                                    "result_set_size": 36256,
                                    "children": []
                                },
                                {
                                    "operator_timing": 0.000077275,
                                    "operator_rows_scanned": 50,
                                    "cumulative_rows_scanned": 50,
                                    "operator_cardinality": 2,
                                    "operator_type": "TABLE_SCAN",
                                    "cumulative_cardinality": 2,
                                    "extra_info": {
                                        "Table": "nation",
                                        "Type": "Sequential Scan",
                                        "Projections": "n_nationkey",
                                        "Filters": "n_name='CANADA'",
                                        "Estimated Cardinality": "2"
                                    },
                                    "cpu_time": 0.000077275,
                                    "operator_name": "SEQ_SCAN ",
                                    "result_set_size": 8,
                                    "children": []
                                }
                            ]
                        }
                    ]
                }
            ]
        }
    ]
}