{
    "all_optimizers": 0.0006242870000000001,
    "cumulative_optimizer_timing": 0.0006226040000000001,
    "planner": 0.000390804,
    "planner_binding": 0.000385525,
    "physical_planner": 0.000073252,
    "physical_planner_column_binding": 0.00001056,
    "physical_planner_resolve_types": 0.000002033,
    "physical_planner_create_plan": 0.000054746,
    "optimizer_common_subexpressions": 0.000010707,
    "optimizer_statistics_propagation": 0.000182706,
    "optimizer_unused_columns": 0.000022392,
    "optimizer_unnest_rewriter": 9.42e-7,
    "optimizer_deliminator": 8.79e-7,
    "optimizer_join_order": 0.000129067,
    "optimizer_in_clause": 0.000001361,
    "optimizer_regex_range": 7.58e-7,
    "optimizer_cte_filter_pusher": 0.000001131,
    "optimizer_empty_result_pullup": 0.000001116,
    "optimizer_filter_pushdown": 0.000095421,
    "optimizer_filter_pullup": 0.000002778,
    "optimizer_expression_rewriter": 0.00007329,
    "optimizer_common_aggregate": 0.0000064,
    "optimizer_column_lifetime": 0.000024848,
    "cumulative_rows_scanned": 76768416,
    "cumulative_cardinality": 9449260,
    "extra_info": {},
    "cpu_time": 0.473576558,
    "system_peak_temp_dir_size": 0,
    "optimizer_reorder_filter": 0.000004153,
    "system_peak_buffer_memory": 1829586944,
    "optimizer_duplicate_groups": 0.000007333,
    "blocked_thread_time": 0.0,
    "optimizer_compressed_materialization": 0.0,
    "query_name": "select\n\tl_orderkey,\n\tsum(l_extendedprice * (1 - l_discount)) as revenue,\n\to_orderdate,\n\to_shippriority\nfrom\n\tcustomer,\n\torders,\n\tlineitem\nwhere\n\tc_mktsegment = 'BUILDING'\n\tand c_custkey = o_custkey\n\tand l_orderkey = o_orderkey\n\tand o_orderdate < '1995-03-15'\n\tand l_shipdate > '1995-03-15'\ngroup by\n\tl_orderkey,\n\to_orderdate,\n\to_shippriority\norder by\n\trevenue desc,\n\to_orderdate;\n",
    "result_set_size": 278880,
    "optimizer_build_side_probe_side": 0.000020729,
    "latency": 0.100008611,
    "optimizer_limit_pushdown": 6.16e-7,
    "rows_returned": 11620,
    "optimizer_top_n": 9.03e-7,
    "optimizer_late_materialization": 9.54e-7,
    "optimizer_sum_rewriter": 0.000005015,
    "optimizer_materialized_cte": 0.0,
    "optimizer_extension": 0.0,
    "optimizer_join_filter_pushdown": 0.000028533,
    "optimizer_sampling_pushdown": 5.72e-7,
    "children": [
        {
            "operator_timing": 0.000041052000000000006,
            "operator_rows_scanned": 0,
            "cumulative_rows_scanned": 76768416,
            "operator_cardinality": 11620,
            "operator_type": "PROJECTION",
            "cumulative_cardinality": 9449260,
            "extra_info": {
                "Projections": [
                    "__internal_decompress_integral_bigint(#0, 1)",
                    "#1",
                    "#2",
                    "__internal_decompress_integral_integer(#3, 0)"
                ],
                "Estimated Cardinality": "438753"
            },
            "cpu_time": 0.473576558,
            "operator_name": "PROJECTION",
            "result_set_size": 278880,
            "children": [
                {
                    "operator_timing": 0.004500736,
                    "operator_rows_scanned": 0,
                    "cumulative_rows_scanned": 76768416,
                    "operator_cardinality": 11620,
                    "operator_type": "ORDER_BY",
                    "cumulative_cardinality": 9437640,
                    "extra_info": {
                        "Order By": [
                            "sum((memory.main.lineitem.l_extendedprice * (1 - memory.main.lineitem.l_discount))) DESC",
                            "memory.main.orders.o_orderdate ASC"
                        ]
                    },
                    "cpu_time": 0.473535506,
                    "operator_name": "ORDER_BY",
                    "result_set_size": 197540,
                    "children": [
                        {
                            "operator_timing": 0.000037795,
                            "operator_rows_scanned": 0,
                            "cumulative_rows_scanned": 76768416,
                            "operator_cardinality": 11620,
                            "operator_type": "PROJECTION",
                            "cumulative_cardinality": 9426020,
                            "extra_info": {
                                "Projections": [
                                    "__internal_compress_integral_uinteger(#0, 1)",
                                    "#1",
                                    "#2",
                                    "__internal_compress_integral_utinyint(#3, 0)"
                                ],
                                "Estimated Cardinality": "438753"
                            },
                            "cpu_time": 0.46903477,
                            "operator_name": "PROJECTION",
                            "result_set_size": 197540,
                            "children": [
                                {
                                    "operator_timing": 0.000007708,
                                    "operator_rows_scanned": 0,
                                    "cumulative_rows_scanned": 76768416,
                                    "operator_cardinality": 11620,
                                    "operator_type": "PROJECTION",
                                    "cumulative_cardinality": 9414400,
                                    "extra_info": {
                                        "Projections": [
                                            "l_orderkey",
                                            "revenue",
                                            "o_orderdate",
                                            "o_shippriority"
                                        ],
                                        "Estimated Cardinality": "438753"
                                    },
                                    "cpu_time": 0.468996975,
                                    "operator_name": "PROJECTION",
                                    "result_set_size": 278880,
                                    "children": [
                                        {
                                            "operator_timing": 0.000070778,
                                            "operator_rows_scanned": 0,
                                            "cumulative_rows_scanned": 76768416,
                                            "operator_cardinality": 11620,
                                            "operator_type": "PROJECTION",
                                            "cumulative_cardinality": 9402780,
                                            "extra_info": {
                                                "Projections": [
                                                    "__internal_decompress_integral_bigint(#0, 1)",
                                                    "#1",
                                                    "__internal_decompress_integral_integer(#2, 0)",
                                                    "#3"
                                                ],
                                                "Estimated Cardinality": "438753"
                                            },
                                            "cpu_time": 0.468989267,
                                            "operator_name": "PROJECTION",
                                            "result_set_size": 278880,
                                            "children": [
                                                {
                                                    "operator_timing": 0.047479986999999994,
                                                    "operator_rows_scanned": 0,
                                                    "cumulative_rows_scanned": 76768416,
                                                    "operator_cardinality": 11620,
                                                    "operator_type": "HASH_GROUP_BY",
                                                    "cumulative_cardinality": 9391160,
                                                    "extra_info": {
                                                        "Groups": [
                                                            "#0",
                                                            "#1",
                                                            "#2"
                                                        ],
                                                        "Aggregates": "sum(#3)",
                                                        "Estimated Cardinality": "438753"
                                                    },
                                                    "cpu_time": 0.468918489,
                                                    "operator_name": "HASH_GROUP_BY",
                                                    "result_set_size": 197540,
                                                    "children": [
                                                        {
                                                            "operator_timing": 0.013821265000000001,
                                                            "operator_rows_scanned": 0,
                                                            "cumulative_rows_scanned": 76768416,
                                                            "operator_cardinality": 244152,
                                                            "operator_type": "PROJECTION",
                                                            "cumulative_cardinality": 9379540,
                                                            "extra_info": {
                                                                "Projections": [
                                                                    "l_orderkey",
                                                                    "o_orderdate",
                                                                    "o_shippriority",
                                                                    "(l_extendedprice * (1.0 - l_discount))"
                                                                ],
                                                                "Estimated Cardinality": "438754"
                                                            },
                                                            "cpu_time": 0.421438502,
                                                            "operator_name": "PROJECTION",
                                                            "result_set_size": 4150584,
                                                            "children": [
                                                                {
                                                                    "operator_timing": 0.011370473999999998,
                                                                    "operator_rows_scanned": 0,
                                                                    "cumulative_rows_scanned": 76768416,
                                                                    "operator_cardinality": 244152,
                                                                    "operator_type": "PROJECTION",
                                                                    "cumulative_cardinality": 9135388,
                                                                    "extra_info": {
                                                                        "Projections": [
                                                                            "#0",
                                                                            "#1",
                                                                            "__internal_compress_integral_uinteger(#2, 1)",
                                                                            "#3",
                                                                            "__internal_compress_integral_utinyint(#4, 0)"
                                                                        ],
                                                                        "Estimated Cardinality": "438754"
                                                                    },
                                                                    "cpu_time": 0.40761723699999997,
                                                                    "operator_name": "PROJECTION",
                                                                    "result_set_size": 6103800,
                                                                    "children": [
                                                                        {
                                                                            "operator_timing": 0.24543642799999996,
                                                                            "operator_rows_scanned": 0,
                                                                            "cumulative_rows_scanned": 76768416,
                                                                            "operator_cardinality": 244152,
                                                                            "operator_type": "HASH_JOIN",
                                                                            "cumulative_cardinality": 8891236,
                                                                            "extra_info": {
                                                                                "Join Type": "INNER",
                                                                                "Conditions": "l_orderkey = o_orderkey",
                                                                                "Estimated Cardinality": "438754"
                                                                            },
                                                                            "cpu_time": 0.39624676299999995,
                                                                            "operator_name": "HASH_JOIN",
                                                                            "result_set_size": 7812864,
                                                                            "children": [
                                                                                {
                                                                                    "operator_timing": 0.028426095999999998,
                                                                                    "operator_rows_scanned": 51868416,
                                                                                    "cumulative_rows_scanned": 51868416,
                                                                                    "operator_cardinality": 6483428,
                                                                                    "operator_type": "TABLE_SCAN",
                                                                                    "cumulative_cardinality": 6483428,
                                                                                    "extra_info": {
                                                                                        "Table": "lineitem",
                                                                                        "Type": "Sequential Scan",
                                                                                        "Projections": [
                                                                                            "l_orderkey",
                                                                                            "l_extendedprice",
                                                                                            "l_discount"
                                                                                        ],
                                                                                        "Estimated Cardinality": "1296710"
                                                                                    },
                                                                                    "cpu_time": 0.028426095999999998,
                                                                                    "operator_name": "SEQ_SCAN ",
                                                                                    "result_set_size": 155602272,
                                                                                    "children": []
                                                                                },
                                                                                {
                                                                                    "operator_timing": 0.08262643199999999,
                                                                                    "operator_rows_scanned": 0,
                                                                                    "cumulative_rows_scanned": 24900000,
                                                                                    "operator_cardinality": 588504,
                                                                                    "operator_type": "HASH_JOIN",
                                                                                    "cumulative_cardinality": 2163656,
                                                                                    "extra_info": {
                                                                                        "Join Type": "INNER",
                                                                                        "Conditions": "o_custkey = c_custkey",
                                                                                        "Estimated Cardinality": "354065"
                                                                                    },
                                                                                    "cpu_time": 0.12238423899999999,
                                                                                    "operator_name": "HASH_JOIN",
                                                                                    "result_set_size": 14124096,
                                                                                    "children": [
                                                                                        {
                                                                                            "operator_timing": 0.032316144,
                                                                                            "operator_rows_scanned": 24000000,
                                                                                            "cumulative_rows_scanned": 24000000,
                                                                                            "operator_cardinality": 1454584,
                                                                                            "operator_type": "TABLE_SCAN",
                                                                                            "cumulative_cardinality": 1454584,
                                                                                            "extra_info": {
                                                                                                "Table": "orders",
                                                                                                "Type": "Sequential Scan",
                                                                                                "Projections": [
                                                                                                    "o_custkey",
                                                                                                    "o_orderkey",
                                                                                                    "o_orderdate",
                                                                                                    "o_shippriority"
                                                                                                ],
                                                                                                "Filters": "o_orderdate<'1995-03-15'::DATE",
                                                                                                "Estimated Cardinality": "600000"
                                                                                            },
                                                                                            "cpu_time": 0.032316144,
                                                                                            "operator_name": "SEQ_SCAN ",
                                                                                            "result_set_size": 34910016,
                                                                                            "children": []
                                                                                        },
                                                                                        {
                                                                                            "operator_timing": 0.0006278170000000001,
                                                                                            "operator_rows_scanned": 0,
                                                                                            "cumulative_rows_scanned": 900000,
                                                                                            "operator_cardinality": 60284,
                                                                                            "operator_type": "FILTER",
                                                                                            "cumulative_cardinality": 120568,
                                                                                            "extra_info": {
                                                                                                "Expression": "(c_custkey <= 149999)",
                                                                                                "Estimated Cardinality": "75000"
                                                                                            },
                                                                                            "cpu_time": 0.007441663000000002,
                                                                                            "operator_name": "FILTER",
                                                                                            "result_set_size": 482272,
                                                                                            "children": [
                                                                                                {
                                                                                                    "operator_timing": 0.006813846000000002,
                                                                                                    "operator_rows_scanned": 900000,
                                                                                                    "cumulative_rows_scanned": 900000,
                                                                                                    "operator_cardinality": 60284,
                                                                                                    "operator_type": "TABLE_SCAN",
                                                                                                    "cumulative_cardinality": 60284,
                                                                                                    "extra_info": {
                                                                                                        "Table": "customer",
                                                                                                        "Type": "Sequential Scan",
                                                                                                        "Projections": "c_custkey",
                                                                                                        "Filters": "c_mktsegment='BUILDING'",
                                                                                                        "Estimated Cardinality": "75000"
                                                                                                    },
                                                                                                    "cpu_time": 0.006813846000000002,
                                                                                                    "operator_name": "SEQ_SCAN ",
                                                                                                    "result_set_size": 482272,
                                                                                                    "children": []
                                                                                                }
                                                                                            ]
                                                                                        }
                                                                                    ]
                                                                                }
                                                                            ]
                                                                        }
                                                                    ]
                                                                }
                                                            ]
                                                        }
                                                    ]
                                                }
                                            ]
                                        }
                                    ]
                                }
                            ]
                        }
                    ]
                }
            ]
        }
    ]
}