{
    "all_optimizers": 0.0007614929999999999,
    "cumulative_optimizer_timing": 0.0007605279999999999,
    "planner": 0.00028847300000000003,
    "planner_binding": 0.000286075,
    "physical_planner": 0.000055147,
    "physical_planner_column_binding": 0.00000916,
    "physical_planner_resolve_types": 0.0000014,
    "physical_planner_create_plan": 0.000040054,
    "optimizer_common_subexpressions": 0.000008817,
    "optimizer_statistics_propagation": 0.000164147,
    "optimizer_unused_columns": 0.000019275,
    "optimizer_unnest_rewriter": 7.59e-7,
    "optimizer_deliminator": 4.79e-7,
    "optimizer_join_order": 0.000205582,
    "optimizer_in_clause": 0.000002156,
    "optimizer_regex_range": 9.53e-7,
    "optimizer_cte_filter_pusher": 9.58e-7,
    "optimizer_empty_result_pullup": 0.000001194,
    "optimizer_filter_pushdown": 0.000099879,
    "optimizer_filter_pullup": 0.000002482,
    "optimizer_expression_rewriter": 0.000115904,
    "optimizer_common_aggregate": 0.000004653,
    "optimizer_column_lifetime": 0.000043812999999999995,
    "cumulative_rows_scanned": 47236800,
    "cumulative_cardinality": 3673132,
    "extra_info": {},
    "cpu_time": 0.08804010799999999,
    "system_peak_temp_dir_size": 0,
    "optimizer_reorder_filter": 0.000008114,
    "system_peak_buffer_memory": 655544320,
    "optimizer_duplicate_groups": 0.000025527,
    "blocked_thread_time": 0.0,
    "optimizer_compressed_materialization": 0.0,
    "query_name": "select\n\tsupp_nation,\n\tcust_nation,\n\tl_year,\n\tsum(volume) as revenue\nfrom\n\t(\n\t\tselect\n\t\t\tn1.n_name as supp_nation,\n\t\t\tn2.n_name as cust_nation,\n\t\t\textract(year from l_shipdate) as l_year,\n\t\t\tl_extendedprice * (1 - l_discount) as volume\n\t\tfrom\n\t\t\tsupplier,\n\t\t\tlineitem,\n\t\t\torders,\n\t\t\tcustomer,\n\t\t\tnation n1,\n\t\t\tnation n2\n\t\twhere\n\t\t\ts_suppkey = l_suppkey\n\t\t\tand o_orderkey = l_orderkey\n\t\t\tand c_custkey = o_custkey\n\t\t\tand s_nationkey = n1.n_nationkey\n\t\t\tand c_nationkey = n2.n_nationkey\n\t\t\tand (\n\t\t\t\t(n1.n_name = 'FRANCE' and n2.n_name = 'GERMANY')\n\t\t\t\tor (n1.n_name = 'GERMANY' and n2.n_name = 'FRANCE')\n\t\t\t)\n\t\t\tand l_shipdate between date '1995-01-01' and date '1996-12-31'\n\t) as shipping\ngroup by\n\tsupp_nation,\n\tcust_nation,\n\tl_year\norder by\n\tsupp_nation,\n\tcust_nation,\n\tl_year;\n",
    "result_set_size": 224,
    "optimizer_build_side_probe_side": 0.000020216,
    "latency": 0.01859284,
    "optimizer_limit_pushdown": 5.75e-7,
    "rows_returned": 4,
    "optimizer_top_n": 6.57e-7,
    "optimizer_late_materialization": 5.96e-7,
    "optimizer_sum_rewriter": 0.000004041,
    "optimizer_materialized_cte": 0.0,
    "optimizer_extension": 0.0,
    "optimizer_join_filter_pushdown": 0.000029298,
    "optimizer_sampling_pushdown": 4.53e-7,
    "children": [
        {
            "operator_timing": 0.000007204,
            "operator_rows_scanned": 0,
            "cumulative_rows_scanned": 47236800,
            "operator_cardinality": 4,
            "operator_type": "PROJECTION",
            "cumulative_cardinality": 3673132,
            "extra_info": {
                "Projections": [
                    "__internal_decompress_string(#0)",
                    "__internal_decompress_string(#1)",
                    "__internal_decompress_integral_bigint(#2, 1995)",
                    "#3"
                ],
                "Estimated Cardinality": "15288"
            },
            "cpu_time": 0.08804010799999999,
            "operator_name": "PROJECTION",
            "result_set_size": 224,
            "children": [
                {
                    "operator_timing": 0.004293922999999999,
                    "operator_rows_scanned": 0,
                    "cumulative_rows_scanned": 47236800,
                    "operator_cardinality": 4,
                    "operator_type": "ORDER_BY",
                    "cumulative_cardinality": 3673128,
                    "extra_info": {
                        "Order By": [
                            "shipping.supp_nation ASC",
                            "shipping.cust_nation ASC",
                            "shipping.l_year ASC"
                        ]
                    },
                    "cpu_time": 0.088032904,
                    "operator_name": "ORDER_BY",
                    "result_set_size": 196,
                    "children": [
                        {
                            "operator_timing": 0.000010981,
                            "operator_rows_scanned": 0,
                            "cumulative_rows_scanned": 47236800,
                            "operator_cardinality": 4,
                            "operator_type": "PROJECTION",
                            "cumulative_cardinality": 3673124,
                            "extra_info": {
                                "Projections": [
                                    "__internal_compress_string_hugeint(#0)",
                                    "__internal_compress_string_hugeint(#1)",
                                    "__internal_compress_integral_utinyint(#2, 1995)",
                                    "#3"
                                ],
                                "Estimated Cardinality": "15288"
                            },
                            "cpu_time": 0.08373898099999999,
                            "operator_name": "PROJECTION",
                            "result_set_size": 196,
                            "children": [
                                {
                                    "operator_timing": 0.000027490999999999998,
                                    "operator_rows_scanned": 0,
                                    "cumulative_rows_scanned": 47236800,
                                    "operator_cardinality": 4,
                                    "operator_type": "PROJECTION",
                                    "cumulative_cardinality": 3673120,
                                    "extra_info": {
                                        "Projections": [
                                            "__internal_decompress_string(#0)",
                                            "__internal_decompress_string(#1)",
                                            "__internal_decompress_integral_bigint(#2, 1995)",
                                            "#3"
                                        ],
                                        "Estimated Cardinality": "15288"
                                    },
                                    "cpu_time": 0.083728,
                                    "operator_name": "PROJECTION",
                                    "result_set_size": 224,
                                    "children": [
                                        {
                                            "operator_timing": 0.005659095999999999,
                                            "operator_rows_scanned": 0,
                                            "cumulative_rows_scanned": 47236800,
                                            "operator_cardinality": 4,
                                            "operator_type": "HASH_GROUP_BY",
                                            "cumulative_cardinality": 3673116,
                                            "extra_info": {
                                                "Groups": [
                                                    "#0",
                                                    "#1",
                                                    "#2"
                                                ],
                                                "Aggregates": "sum(#3)",
                                                "Estimated Cardinality": "15288"
                                            },
                                            "cpu_time": 0.08370050899999999,
                                            "operator_name": "HASH_GROUP_BY",
                                            "result_set_size": 196,
                                            "children": [
                                                {
                                                    "operator_timing": 0.000005780000000000001,
                                                    "operator_rows_scanned": 0,
                                                    "cumulative_rows_scanned": 47236800,
                                                    "operator_cardinality": 5924,
                                                    "operator_type": "PROJECTION",
                                                    "cumulative_cardinality": 3673112,
                                                    "extra_info": {
                                                        "Projections": [
                                                            "supp_nation",
                                                            "cust_nation",
                                                            "l_year",
                                                            "volume"
                                                        ],
                                                        "Estimated Cardinality": "15311"
                                                    },
                                                    "cpu_time": 0.07804141299999999,
                                                    "operator_name": "PROJECTION",
                                                    "result_set_size": 242884,
                                                    "children": [
                                                        {
                                                            "operator_timing": 0.000212878,
                                                            "operator_rows_scanned": 0,
                                                            "cumulative_rows_scanned": 47236800,
                                                            "operator_cardinality": 5924,
                                                            "operator_type": "PROJECTION",
                                                            "cumulative_cardinality": 3667188,
                                                            "extra_info": {
                                                                "Projections": [
                                                                    "__internal_compress_string_hugeint(#0)",
                                                                    "__internal_compress_string_hugeint(#1)",
                                                                    "__internal_compress_integral_utinyint(#2, 1995)",
                                                                    "#3"
                                                                ],
                                                                "Estimated Cardinality": "15311"
                                                            },
                                                            "cpu_time": 0.078035633,
                                                            "operator_name": "PROJECTION",
                                                            "result_set_size": 242884,
                                                            "children": [
                                                                {
                                                                    "operator_timing": 0.000244792,
                                                                    "operator_rows_scanned": 0,
                                                                    "cumulative_rows_scanned": 47236800,
                                                                    "operator_cardinality": 5924,
                                                                    "operator_type": "PROJECTION",
                                                                    "cumulative_cardinality": 3661264,
                                                                    "extra_info": {
                                                                        "Projections": [
                                                                            "supp_nation",
                                                                            "cust_nation",
                                                                            "l_year",
                                                                            "volume"
                                                                        ],
                                                                        "Estimated Cardinality": "15311"
                                                                    },
                                                                    "cpu_time": 0.077822755,
                                                                    "operator_name": "PROJECTION",
                                                                    "result_set_size": 284352,
                                                                    "children": [
                                                                        {
                                                                            "operator_timing": 0.0005915740000000001,
                                                                            "operator_rows_scanned": 0,
                                                                            "cumulative_rows_scanned": 47236800,
                                                                            "operator_cardinality": 5924,
                                                                            "operator_type": "FILTER",
                                                                            "cumulative_cardinality": 3655340,
                                                                            "extra_info": {
                                                                                "Expression": "(((n_name = 'FRANCE') AND (n_name = 'GERMANY')) OR ((n_name = 'GERMANY') AND (n_name = 'FRANCE')))",
                                                                                "Estimated Cardinality": "15311"
                                                                            },
                                                                            "cpu_time": 0.077577963,
                                                                            "operator_name": "FILTER",
                                                                            "result_set_size": 248808,
                                                                            "children": [
                                                                                {
                                                                                    "operator_timing": 0.004990377000000001,
                                                                                    "operator_rows_scanned": 0,
                                                                                    "cumulative_rows_scanned": 47236800,
                                                                                    "operator_cardinality": 11723,
                                                                                    "operator_type": "HASH_JOIN",
                                                                                    "cumulative_cardinality": 3649416,
                                                                                    "extra_info": {
                                                                                        "Join Type": "INNER",
                                                                                        "Conditions": "o_custkey = c_custkey",
                                                                                        "Estimated Cardinality": "15311"
                                                                                    },
                                                                                    "cpu_time": 0.076986389,
                                                                                    "operator_name": "HASH_JOIN",
                                                                                    "result_set_size": 492366,
                                                                                    "children": [
                                                                                        {
                                                                                            "operator_timing": 0.047752107999999995,
                                                                                            "operator_rows_scanned": 0,
                                                                                            "cumulative_rows_scanned": 46936775,
                                                                                            "operator_cardinality": 145675,
                                                                                            "operator_type": "HASH_JOIN",
                                                                                            "cumulative_cardinality": 3613650,
                                                                                            "extra_info": {
                                                                                                "Join Type": "INNER",
                                                                                                "Conditions": "o_orderkey = l_orderkey",
                                                                                                "Estimated Cardinality": "70325"
                                                                                            },
                                                                                            "cpu_time": 0.071102701,
                                                                                            "operator_name": "HASH_JOIN",
                                                                                            "result_set_size": 4952950,
                                                                                            "children": [
                                                                                                {
                                                                                                    "operator_timing": 0.0070804330000000006,
                                                                                                    "operator_rows_scanned": 19500000,
                                                                                                    "cumulative_rows_scanned": 19500000,
                                                                                                    "operator_cardinality": 1499762,
                                                                                                    "operator_type": "TABLE_SCAN",
                                                                                                    "cumulative_cardinality": 1499762,
                                                                                                    "extra_info": {
                                                                                                        "Table": "orders",
                                                                                                        "Type": "Sequential Scan",
                                                                                                        "Projections": [
                                                                                                            "o_orderkey",
                                                                                                            "o_custkey"
                                                                                                        ],
                                                                                                        "Estimated Cardinality": "1500000"
                                                                                                    },
                                                                                                    "cpu_time": 0.0070804330000000006,
                                                                                                    "operator_name": "SEQ_SCAN ",
                                                                                                    "result_set_size": 23996192,
                                                                                                    "children": []
                                                                                                },
                                                                                                {
                                                                                                    "operator_timing": 0.007916354,
                                                                                                    "operator_rows_scanned": 0,
                                                                                                    "cumulative_rows_scanned": 27436775,
                                                                                                    "operator_cardinality": 145703,
                                                                                                    "operator_type": "HASH_JOIN",
                                                                                                    "cumulative_cardinality": 1968213,
                                                                                                    "extra_info": {
                                                                                                        "Join Type": "INNER",
                                                                                                        "Conditions": "l_suppkey = s_suppkey",
                                                                                                        "Estimated Cardinality": "70325"
                                                                                                    },
                                                                                                    "cpu_time": 0.016270160000000006,
                                                                                                    "operator_name": "HASH_JOIN",
                                                                                                    "result_set_size": 4953902,
                                                                                                    "children": [
                                                                                                        {
                                                                                                            "operator_timing": 0.008233054000000002,
                                                                                                            "operator_rows_scanned": 27426750,
                                                                                                            "cumulative_rows_scanned": 27426750,
                                                                                                            "operator_cardinality": 1820887,
                                                                                                            "operator_type": "TABLE_SCAN",
                                                                                                            "cumulative_cardinality": 1820887,
                                                                                                            "extra_info": {
                                                                                                                "Table": "lineitem",
                                                                                                                "Type": "Sequential Scan",
                                                                                                                "Projections": [
                                                                                                                    "l_suppkey",
                                                                                                                    "l_orderkey",
                                                                                                                    "l_shipdate",
                                                                                                                    "l_extendedprice",
                                                                                                                    "l_discount"
                                                                                                                ],
                                                                                                                "Estimated Cardinality": "365690"
                                                                                                            },
                                                                                                            "cpu_time": 0.008233054000000002,
                                                                                                            "operator_name": "SEQ_SCAN ",
                                                                                                            "result_set_size": 47343062,
                                                                                                            "children": []
                                                                                                        },
                                                                                                        {
                                                                                                            "operator_timing": 0.000044226,
                                                                                                            "operator_rows_scanned": 0,
                                                                                                            "cumulative_rows_scanned": 10025,
                                                                                                            "operator_cardinality": 798,
                                                                                                            "operator_type": "HASH_JOIN",
                                                                                                            "cumulative_cardinality": 1623,
                                                                                                            "extra_info": {
                                                                                                                "Join Type": "INNER",
                                                                                                                "Conditions": "s_nationkey = n_nationkey",
                                                                                                                "Estimated Cardinality": "1923"
                                                                                                            },
                                                                                                            "cpu_time": 0.00012075200000000001,
                                                                                                            "operator_name": "HASH_JOIN",
                                                                                                            "result_set_size": 19152,
                                                                                                            "children": [
                                                                                                                {
                                                                                                                    "operator_timing": 0.000060702,
                                                                                                                    "operator_rows_scanned": 10000,
                                                                                                                    "cumulative_rows_scanned": 10000,
                                                                                                                    "operator_cardinality": 798,
                                                                                                                    "operator_type": "TABLE_SCAN",
                                                                                                                    "cumulative_cardinality": 798,
                                                                                                                    "extra_info": {
                                                                                                                        "Table": "supplier",
                                                                                                                        "Type": "Sequential Scan",
                                                                                                                        "Projections": [
                                                                                                                            "s_suppkey",
                                                                                                                            "s_nationkey"
                                                                                                                        ],
                                                                                                                        "Estimated Cardinality": "10000"
                                                                                                                    },
                                                                                                                    "cpu_time": 0.000060702,
                                                                                                                    "operator_name": "SEQ_SCAN ",
                                                                                                                    "result_set_size": 9576,
                                                                                                                    "children": []
                                                                                                                },
                                                                                                                {
                                                                                                                    "operator_timing": 0.000011157,
                                                                                                                    "operator_rows_scanned": 0,
                                                                                                                    "cumulative_rows_scanned": 25,
                                                                                                                    "operator_cardinality": 2,
                                                                                                                    "operator_type": "FILTER",
                                                                                                                    "cumulative_cardinality": 27,
                                                                                                                    "extra_info": {
                                                                                                                        "Expression": "((n_name = 'FRANCE') OR (n_name = 'GERMANY'))",
                                                                                                                        "Estimated Cardinality": "5"
                                                                                                                    },
                                                                                                                    "cpu_time": 0.000015824,
                                                                                                                    "operator_name": "FILTER",
                                                                                                                    "result_set_size": 40,
                                                                                                                    "children": [
                                                                                                                        {
                                                                                                                            "operator_timing": 0.000004667,
                                                                                                                            "operator_rows_scanned": 25,
                                                                                                                            "cumulative_rows_scanned": 25,
                                                                                                                            "operator_cardinality": 25,
                                                                                                                            "operator_type": "TABLE_SCAN",
                                                                                                                            "cumulative_cardinality": 25,
                                                                                                                            "extra_info": {
                                                                                                                                "Table": "nation",
                                                                                                                                "Type": "Sequential Scan",
                                                                                                                                "Projections": [
                                                                                                                                    "n_nationkey",
                                                                                                                                    "n_name"
                                                                                                                                ],
                                                                                                                                "Filters": "optional: n_name='FRANCE' OR n_name='GERMANY'",
                                                                                                                                "Estimated Cardinality": "25"
                                                                                                                            },
                                                                                                                            "cpu_time": 0.000004667,
                                                                                                                            "operator_name": "SEQ_SCAN ",
                                                                                                                            "result_set_size": 500,
                                                                                                                            "children": []
                                                                                                                        }
                                                                                                                    ]
                                                                                                                }
                                                                                                            ]
                                                                                                        }
                                                                                                    ]
                                                                                                }
                                                                                            ]
                                                                                        },
                                                                                        {
                                                                                            "operator_timing": 0.000392588,
                                                                                            "operator_rows_scanned": 0,
                                                                                            "cumulative_rows_scanned": 300025,
                                                                                            "operator_cardinality": 12008,
                                                                                            "operator_type": "HASH_JOIN",
                                                                                            "cumulative_cardinality": 24043,
                                                                                            "extra_info": {
                                                                                                "Join Type": "INNER",
                                                                                                "Conditions": "c_nationkey = n_nationkey",
                                                                                                "Estimated Cardinality": "28846"
                                                                                            },
                                                                                            "cpu_time": 0.0008933109999999997,
                                                                                            "operator_name": "HASH_JOIN",
                                                                                            "result_set_size": 288192,
                                                                                            "children": [
                                                                                                {
                                                                                                    "operator_timing": 0.00046890599999999984,
                                                                                                    "operator_rows_scanned": 300000,
                                                                                                    "cumulative_rows_scanned": 300000,
                                                                                                    "operator_cardinality": 12008,
                                                                                                    "operator_type": "TABLE_SCAN",
                                                                                                    "cumulative_cardinality": 12008,
                                                                                                    "extra_info": {
                                                                                                        "Table": "customer",
                                                                                                        "Type": "Sequential Scan",
                                                                                                        "Projections": [
                                                                                                            "c_custkey",
                                                                                                            "c_nationkey"
                                                                                                        ],
                                                                                                        "Filters": "c_custkey<=149999",
                                                                                                        "Estimated Cardinality": "150000"
                                                                                                    },
                                                                                                    "cpu_time": 0.00046890599999999984,
                                                                                                    "operator_name": "SEQ_SCAN ",
                                                                                                    "result_set_size": 144096,
                                                                                                    "children": []
                                                                                                },
                                                                                                {
                                                                                                    "operator_timing": 0.000021659,
                                                                                                    "operator_rows_scanned": 0,
                                                                                                    "cumulative_rows_scanned": 25,
                                                                                                    "operator_cardinality": 2,
                                                                                                    "operator_type": "FILTER",
                                                                                                    "cumulative_cardinality": 27,
                                                                                                    "extra_info": {
                                                                                                        "Expression": "((n_name = 'GERMANY') OR (n_name = 'FRANCE'))",
                                                                                                        "Estimated Cardinality": "25"
                                                                                                    },
                                                                                                    "cpu_time": 0.000031817,
                                                                                                    "operator_name": "FILTER",
                                                                                                    "result_set_size": 40,
                                                                                                    "children": [
                                                                                                        {
                                                                                                            "operator_timing": 0.000010158,
                                                                                                            "operator_rows_scanned": 25,
                                                                                                            "cumulative_rows_scanned": 25,
                                                                                                            "operator_cardinality": 25,
                                                                                                            "operator_type": "TABLE_SCAN",
                                                                                                            "cumulative_cardinality": 25,
                                                                                                            "extra_info": {
                                                                                                                "Table": "nation",
                                                                                                                "Type": "Sequential Scan",
                                                                                                                "Projections": [
                                                                                                                    "n_nationkey",
                                                                                                                    "n_name"
                                                                                                                ],
                                                                                                                "Filters": "optional: n_name='GERMANY' OR n_name='FRANCE'",
                                                                                                                "Estimated Cardinality": "25"
                                                                                                            },
                                                                                                            "cpu_time": 0.000010158,
                                                                                                            "operator_name": "SEQ_SCAN ",
                                                                                                            "result_set_size": 500,
                                                                                                            "children": []
                                                                                                        }
                                                                                                    ]
                                                                                                }
                                                                                            ]
                                                                                        }
                                                                                    ]
                                                                                }
                                                                            ]
                                                                        }
                                                                    ]
                                                                }
                                                            ]
                                                        }
                                                    ]
                                                }
                                            ]
                                        }
                                    ]
                                }
                            ]
                        }
                    ]
                }
            ]
        }
    ]
}