{
    "all_optimizers": 0.00041246799999999993,
    "cumulative_optimizer_timing": 0.00041074599999999987,
    "planner": 0.000527315,
    "planner_binding": 0.000520948,
    "physical_planner": 0.000076011,
    "physical_planner_column_binding": 0.000016685,
    "physical_planner_resolve_types": 0.000001603,
    "physical_planner_create_plan": 0.000052772,
    "optimizer_common_subexpressions": 0.00004315,
    "optimizer_statistics_propagation": 0.000112564,
    "optimizer_unused_columns": 0.000020045,
    "optimizer_unnest_rewriter": 9.07e-7,
    "optimizer_deliminator": 7.5e-7,
    "optimizer_join_order": 0.000060064,
    "optimizer_in_clause": 0.000001485,
    "optimizer_regex_range": 7.45e-7,
    "optimizer_cte_filter_pusher": 0.000001041,
    "optimizer_empty_result_pullup": 7.27e-7,
    "optimizer_filter_pushdown": 0.000031446,
    "optimizer_filter_pullup": 0.000002254,
    "optimizer_expression_rewriter": 0.000077114,
    "optimizer_common_aggregate": 0.000007908,
    "optimizer_column_lifetime": 0.000021382,
    "cumulative_rows_scanned": 48079968,
    "cumulative_cardinality": 24039989,
    "extra_info": {},
    "cpu_time": 0.6944334849999999,
    "system_peak_temp_dir_size": 0,
    "optimizer_reorder_filter": 0.000003215,
    "system_peak_buffer_memory": 1148859088,
    "optimizer_duplicate_groups": 0.000009753,
    "blocked_thread_time": 0.0,
    "optimizer_compressed_materialization": 0.0,
    "query_name": "select\n\tl_returnflag,\n\tl_linestatus,\n\tsum(l_quantity) as sum_qty,\n\tsum(l_extendedprice) as sum_base_price,\n\tsum(l_extendedprice * (1 - l_discount)) as sum_disc_price,\n\tsum(l_extendedprice * (1 - l_discount) * (1 + l_tax)) as sum_charge,\n\tavg(l_quantity) as avg_qty,\n\tavg(l_extendedprice) as avg_price,\n\tavg(l_discount) as avg_disc,\n\tcount(*) as count_order\nfrom\n\tlineitem\nwhere\n\tl_shipdate <= date '1998-12-01'\ngroup by\n\tl_returnflag,\n\tl_linestatus\norder by\n\tl_returnflag,\n\tl_linestatus;",
    "result_set_size": 96,
    "optimizer_build_side_probe_side": 0.000005058,
    "latency": 0.098623113,
    "optimizer_limit_pushdown": 5.4e-7,
    "rows_returned": 1,
    "optimizer_top_n": 7.08e-7,
    "optimizer_late_materialization": 8.77e-7,
    "optimizer_sum_rewriter": 0.000005801,
    "optimizer_materialized_cte": 0.0,
    "optimizer_extension": 0.0,
    "optimizer_join_filter_pushdown": 0.00000283,
    "optimizer_sampling_pushdown": 3.82e-7,
    "children": [
        {
            "operator_timing": 0.000002294,
            "operator_rows_scanned": 0,
            "cumulative_rows_scanned": 48079968,
            "operator_cardinality": 1,
            "operator_type": "PROJECTION",
            "cumulative_cardinality": 24039989,
            "extra_info": {
                "Projections": [
                    "__internal_decompress_string(#0)",
                    "__internal_decompress_string(#1)",
                    "#2",
                    "#3",
                    "#4",
                    "#5",
                    "#6",
                    "#7",
                    "#8",
                    "#9"
                ],
                "Estimated Cardinality": "0"
            },
            "cpu_time": 0.6944334849999999,
            "operator_name": "PROJECTION",
            "result_set_size": 96,
            "children": [
                {
                    "operator_timing": 0.000067252,
                    "operator_rows_scanned": 0,
                    "cumulative_rows_scanned": 48079968,
                    "operator_cardinality": 1,
                    "operator_type": "ORDER_BY",
                    "cumulative_cardinality": 24039988,
                    "extra_info": {
                        "Order By": [
                            "memory.main.lineitem.l_returnflag ASC",
                            "memory.main.lineitem.l_linestatus ASC"
                        ]
                    },
                    "cpu_time": 0.694431191,
                    "operator_name": "ORDER_BY",
                    "result_set_size": 66,
                    "children": [
                        {
                            "operator_timing": 0.000004216,
                            "operator_rows_scanned": 0,
                            "cumulative_rows_scanned": 48079968,
                            "operator_cardinality": 1,
                            "operator_type": "PROJECTION",
                            "cumulative_cardinality": 24039987,
                            "extra_info": {
                                "Projections": [
                                    "__internal_compress_string_utinyint(#0)",
                                    "__internal_compress_string_utinyint(#1)",
                                    "#2",
                                    "#3",
                                    "#4",
                                    "#5",
                                    "#6",
                                    "#7",
                                    "#8",
                                    "#9"
                                ],
                                "Estimated Cardinality": "0"
                            },
                            "cpu_time": 0.6943639389999999,
                            "operator_name": "PROJECTION",
                            "result_set_size": 66,
                            "children": [
                                {
                                    "operator_timing": 0.000003273,
                                    "operator_rows_scanned": 0,
                                    "cumulative_rows_scanned": 48079968,
                                    "operator_cardinality": 1,
                                    "operator_type": "PROJECTION",
                                    "cumulative_cardinality": 24039986,
                                    "extra_info": {
                                        "Projections": [
                                            "__internal_decompress_string(#0)",
                                            "__internal_decompress_string(#1)",
                                            "#2",
                                            "#3",
                                            "#4",
                                            "#5",
                                            "#6",
                                            "#7",
                                            "#8",
                                            "#9"
                                        ],
                                        "Estimated Cardinality": "0"
                                    },
                                    "cpu_time": 0.6943597229999999,
                                    "operator_name": "PROJECTION",
                                    "result_set_size": 96,
                                    "children": [
                                        {
                                            "operator_timing": 0.303934785,
                                            "operator_rows_scanned": 0,
                                            "cumulative_rows_scanned": 48079968,
                                            "operator_cardinality": 1,
                                            "operator_type": "PERFECT_HASH_GROUP_BY",
                                            "cumulative_cardinality": 24039985,
                                            "extra_info": {
                                                "Groups": [
                                                    "#0",
                                                    "#1"
                                                ],
                                                "Aggregates": [
                                                    "sum(#2)",
                                                    "sum(#3)",
                                                    "sum(#4)",
                                                    "sum(#5)",
                                                    "avg(#6)",
                                                    "avg(#7)",
                                                    "avg(#8)",
                                                    "count_star()"
                                                ]
                                            },
                                            "cpu_time": 0.6943564499999999,
                                            "operator_name": "PERFECT_HASH_GROUP_BY",
                                            "result_set_size": 66,
                                            "children": [
                                                {
                                                    "operator_timing": 0.063799525,
                                                    "operator_rows_scanned": 0,
                                                    "cumulative_rows_scanned": 48079968,
                                                    "operator_cardinality": 6009996,
                                                    "operator_type": "PROJECTION",
                                                    "cumulative_cardinality": 24039984,
                                                    "extra_info": {
                                                        "Projections": [
                                                            "l_returnflag",
                                                            "l_linestatus",
                                                            "l_quantity",
                                                            "l_extendedprice",
                                                            "#4",
                                                            "(#4 * (1.0 + l_tax))",
                                                            "l_quantity",
                                                            "l_extendedprice",
                                                            "l_discount"
                                                        ],
                                                        "Estimated Cardinality": "1201999"
                                                    },
                                                    "cpu_time": 0.390421665,
                                                    "operator_name": "PROJECTION",
                                                    "result_set_size": 348579768,
                                                    "children": [
                                                        {
                                                            "operator_timing": 0.05225779599999999,
                                                            "operator_rows_scanned": 0,
                                                            "cumulative_rows_scanned": 48079968,
                                                            "operator_cardinality": 6009996,
                                                            "operator_type": "PROJECTION",
                                                            "cumulative_cardinality": 18029988,
                                                            "extra_info": {
                                                                "Projections": [
                                                                    "__internal_compress_string_utinyint(#0)",
                                                                    "__internal_compress_string_utinyint(#1)",
                                                                    "#2",
                                                                    "#3",
                                                                    "#4",
                                                                    "#5",
                                                                    "#6"
                                                                ],
                                                                "Estimated Cardinality": "1201999"
                                                            },
                                                            "cpu_time": 0.32662214,
                                                            "operator_name": "PROJECTION",
                                                            "result_set_size": 252419832,
                                                            "children": [
                                                                {
                                                                    "operator_timing": 0.06638926599999999,
                                                                    "operator_rows_scanned": 0,
                                                                    "cumulative_rows_scanned": 48079968,
                                                                    "operator_cardinality": 6009996,
                                                                    "operator_type": "PROJECTION",
                                                                    "cumulative_cardinality": 12019992,
                                                                    "extra_info": {
                                                                        "Projections": [
                                                                            "l_returnflag",
                                                                            "l_linestatus",
                                                                            "l_quantity",
                                                                            "l_extendedprice",
                                                                            "(l_extendedprice * (1.0 - l_discount))",
                                                                            "l_tax",
                                                                            "l_discount"
                                                                        ],
                                                                        "Estimated Cardinality": "1201999"
                                                                    },
                                                                    "cpu_time": 0.27436434400000004,
                                                                    "operator_name": "PROJECTION",
                                                                    "result_set_size": 432719712,
                                                                    "children": [
                                                                        {
                                                                            "operator_timing": 0.20797507800000004,
                                                                            "operator_rows_scanned": 48079968,
                                                                            "cumulative_rows_scanned": 48079968,
                                                                            "operator_cardinality": 6009996,
                                                                            "operator_type": "TABLE_SCAN",
                                                                            "cumulative_cardinality": 6009996,
                                                                            "extra_info": {
                                                                                "Table": "lineitem",
                                                                                "Type": "Sequential Scan",
                                                                                "Projections": [
                                                                                    "l_returnflag",
                                                                                    "l_linestatus",
                                                                                    "l_quantity",
                                                                                    "l_extendedprice",
                                                                                    "l_discount",
                                                                                    "l_tax"
                                                                                ],
                                                                                "Estimated Cardinality": "1201999"
                                                                            },
                                                                            "cpu_time": 0.20797507800000004,
                                                                            "operator_name": "SEQ_SCAN ",
                                                                            "result_set_size": 384639744,
                                                                            "children": []
                                                                        }
                                                                    ]
                                                                }
                                                            ]
                                                        }
                                                    ]
                                                }
                                            ]
                                        }
                                    ]
                                }
                            ]
                        }
                    ]
                }
            ]
        }
    ]
}