{
    "all_optimizers": 0.0005516719999999999,
    "cumulative_optimizer_timing": 0.0005498880000000002,
    "planner": 0.00030719199999999997,
    "planner_binding": 0.000303908,
    "physical_planner": 0.00006915899999999999,
    "physical_planner_column_binding": 0.000010985,
    "physical_planner_resolve_types": 0.000002056,
    "physical_planner_create_plan": 0.000051837,
    "optimizer_common_subexpressions": 0.000007088,
    "optimizer_statistics_propagation": 0.000167808,
    "optimizer_unused_columns": 0.000018456,
    "optimizer_unnest_rewriter": 7.26e-7,
    "optimizer_deliminator": 6.7e-7,
    "optimizer_join_order": 0.000123566,
    "optimizer_in_clause": 9.71e-7,
    "optimizer_regex_range": 5.11e-7,
    "optimizer_cte_filter_pusher": 0.000001123,
    "optimizer_empty_result_pullup": 6.54e-7,
    "optimizer_filter_pushdown": 0.000065926,
    "optimizer_filter_pullup": 0.000002143,
    "optimizer_expression_rewriter": 0.00005381,
    "optimizer_common_aggregate": 0.000005726,
    "optimizer_column_lifetime": 0.000027086,
    "cumulative_rows_scanned": 24676108,
    "cumulative_cardinality": 13364142,
    "extra_info": {},
    "cpu_time": 0.5427079669999999,
    "system_peak_temp_dir_size": 0,
    "optimizer_reorder_filter": 0.000004166,
    "system_peak_buffer_memory": 258177024,
    "optimizer_duplicate_groups": 0.000006365,
    "blocked_thread_time": 0.0,
    "optimizer_compressed_materialization": 0.0,
    "query_name": "select\n\tc_custkey,\n\tc_name,\n\tsum(l_extendedprice * (1 - l_discount)) as revenue,\n\tc_acctbal,\n\tn_name,\n\tc_address,\n\tc_phone,\n\tc_comment\nfrom\n\tcustomer,\n\torders,\n\tlineitem,\n\tnation\nwhere\n\tc_custkey = o_custkey\n\tand l_orderkey = o_orderkey\n\tand o_orderdate >= '1993-10-01'\n\tand o_orderdate < '1994-01-01'\n\tand l_returnflag = 'R'\n\tand c_nationkey = n_nationkey\ngroup by\n\tc_custkey,\n\tc_name,\n\tc_acctbal,\n\tc_phone,\n\tn_name,\n\tc_address,\n\tc_comment\norder by\n\trevenue desc;\n",
    "result_set_size": 17100,
    "optimizer_build_side_probe_side": 0.000018987,
    "latency": 0.191570755,
    "optimizer_limit_pushdown": 3.75e-7,
    "rows_returned": 171,
    "optimizer_top_n": 4.5e-7,
    "optimizer_late_materialization": 5.62e-7,
    "optimizer_sum_rewriter": 0.000003854,
    "optimizer_materialized_cte": 0.0,
    "optimizer_extension": 0.0,
    "optimizer_join_filter_pushdown": 0.000038418,
    "optimizer_sampling_pushdown": 4.47e-7,
    "children": [
        {
            "operator_timing": 0.000016662,
            "operator_rows_scanned": 0,
            "cumulative_rows_scanned": 24676108,
            "operator_cardinality": 171,
            "operator_type": "PROJECTION",
            "cumulative_cardinality": 13364142,
            "extra_info": {
                "Projections": [
                    "__internal_decompress_integral_bigint(#0, 4)",
                    "#1",
                    "#2",
                    "#3",
                    "__internal_decompress_string(#4)",
                    "#5",
                    "__internal_decompress_string(#6)",
                    "#7"
                ],
                "Estimated Cardinality": "80103"
            },
            "cpu_time": 0.5427079669999999,
            "operator_name": "PROJECTION",
            "result_set_size": 17100,
            "children": [
                {
                    "operator_timing": 0.015373854999999995,
                    "operator_rows_scanned": 0,
                    "cumulative_rows_scanned": 24676108,
                    "operator_cardinality": 171,
                    "operator_type": "ORDER_BY",
                    "cumulative_cardinality": 13363971,
                    "extra_info": {
                        "Order By": "sum((memory.main.lineitem.l_extendedprice * (1 - memory.main.lineitem.l_discount))) DESC"
                    },
                    "cpu_time": 0.542691305,
                    "operator_name": "ORDER_BY",
                    "result_set_size": 16416,
                    "children": [
                        {
                            "operator_timing": 0.001147164,
                            "operator_rows_scanned": 0,
                            "cumulative_rows_scanned": 24676108,
                            "operator_cardinality": 37967,
                            "operator_type": "PROJECTION",
                            "cumulative_cardinality": 13363800,
                            "extra_info": {
                                "Projections": [
                                    "__internal_compress_integral_uinteger(#0, 4)",
                                    "#1",
                                    "#2",
                                    "#3",
                                    "__internal_compress_string_hugeint(#4)",
                                    "#5",
                                    "__internal_compress_string_hugeint(#6)",
                                    "#7"
                                ],
                                "Estimated Cardinality": "80103"
                            },
                            "cpu_time": 0.52731745,
                            "operator_name": "PROJECTION",
                            "result_set_size": 3644832,
                            "children": [
                                {
                                    "operator_timing": 0.000030101999999999997,
                                    "operator_rows_scanned": 0,
                                    "cumulative_rows_scanned": 24676108,
                                    "operator_cardinality": 37967,
                                    "operator_type": "PROJECTION",
                                    "cumulative_cardinality": 13325833,
                                    "extra_info": {
                                        "Projections": [
                                            "c_custkey",
                                            "c_name",
                                            "revenue",
                                            "c_acctbal",
                                            "n_name",
                                            "c_address",
                                            "c_phone",
                                            "c_comment"
                                        ],
                                        "Estimated Cardinality": "80103"
                                    },
                                    "cpu_time": 0.5261702859999999,
                                    "operator_name": "PROJECTION",
                                    "result_set_size": 3796700,
                                    "children": [
                                        {
                                            "operator_timing": 0.001162252,
                                            "operator_rows_scanned": 0,
                                            "cumulative_rows_scanned": 24676108,
                                            "operator_cardinality": 37967,
                                            "operator_type": "PROJECTION",
                                            "cumulative_cardinality": 13287866,
                                            "extra_info": {
                                                "Projections": [
                                                    "__internal_decompress_integral_bigint(#0, 4)",
                                                    "#1",
                                                    "#2",
                                                    "__internal_decompress_string(#3)",
                                                    "__internal_decompress_string(#4)",
                                                    "#5",
                                                    "#6",
                                                    "#7"
                                                ],
                                                "Estimated Cardinality": "80103"
                                            },
                                            "cpu_time": 0.526140184,
                                            "operator_name": "PROJECTION",
                                            "result_set_size": 3796700,
                                            "children": [
                                                {
                                                    "operator_timing": 0.24494096,
                                                    "operator_rows_scanned": 0,
                                                    "cumulative_rows_scanned": 24676108,
                                                    "operator_cardinality": 37967,
                                                    "operator_type": "HASH_GROUP_BY",
                                                    "cumulative_cardinality": 13249899,
                                                    "extra_info": {
                                                        "Groups": [
                                                            "#0",
                                                            "#1",
                                                            "#2",
                                                            "#3",
                                                            "#4",
                                                            "#5",
                                                            "#6"
                                                        ],
                                                        "Aggregates": "sum(#7)",
                                                        "Estimated Cardinality": "80103"
                                                    },
                                                    "cpu_time": 0.524977932,
                                                    "operator_name": "HASH_GROUP_BY",
                                                    "result_set_size": 3644832,
                                                    "children": [
                                                        {
                                                            "operator_timing": 0.011326334999999996,
                                                            "operator_rows_scanned": 0,
                                                            "cumulative_rows_scanned": 24676108,
                                                            "operator_cardinality": 1835280,
                                                            "operator_type": "PROJECTION",
                                                            "cumulative_cardinality": 13211932,
                                                            "extra_info": {
                                                                "Projections": [
                                                                    "c_custkey",
                                                                    "c_name",
                                                                    "c_acctbal",
                                                                    "c_phone",
                                                                    "n_name",
                                                                    "c_address",
                                                                    "c_comment",
                                                                    "(l_extendedprice * (1.0 - l_discount))"
                                                                ],
                                                                "Estimated Cardinality": "80103"
                                                            },
                                                            "cpu_time": 0.28003697199999994,
                                                            "operator_name": "PROJECTION",
                                                            "result_set_size": 176186880,
                                                            "children": [
                                                                {
                                                                    "operator_timing": 0.04360348199999997,
                                                                    "operator_rows_scanned": 0,
                                                                    "cumulative_rows_scanned": 24676108,
                                                                    "operator_cardinality": 1835280,
                                                                    "operator_type": "PROJECTION",
                                                                    "cumulative_cardinality": 11376652,
                                                                    "extra_info": {
                                                                        "Projections": [
                                                                            "__internal_compress_integral_uinteger(#0, 4)",
                                                                            "#1",
                                                                            "#2",
                                                                            "__internal_compress_string_hugeint(#3)",
                                                                            "#4",
                                                                            "#5",
                                                                            "#6",
                                                                            "#7",
                                                                            "__internal_compress_string_hugeint(#8)"
                                                                        ],
                                                                        "Estimated Cardinality": "80103"
                                                                    },
                                                                    "cpu_time": 0.2687106369999999,
                                                                    "operator_name": "PROJECTION",
                                                                    "result_set_size": 190869120,
                                                                    "children": [
                                                                        {
                                                                            "operator_timing": 0.019467462,
                                                                            "operator_rows_scanned": 0,
                                                                            "cumulative_rows_scanned": 24676108,
                                                                            "operator_cardinality": 1835280,
                                                                            "operator_type": "HASH_JOIN",
                                                                            "cumulative_cardinality": 9541372,
                                                                            "extra_info": {
                                                                                "Join Type": "INNER",
                                                                                "Conditions": "c_nationkey = n_nationkey",
                                                                                "Estimated Cardinality": "80103"
                                                                            },
                                                                            "cpu_time": 0.22510715499999995,
                                                                            "operator_name": "HASH_JOIN",
                                                                            "result_set_size": 198210240,
                                                                            "children": [
                                                                                {
                                                                                    "operator_timing": 0.07709228399999998,
                                                                                    "operator_rows_scanned": 0,
                                                                                    "cumulative_rows_scanned": 24676058,
                                                                                    "operator_cardinality": 917640,
                                                                                    "operator_type": "HASH_JOIN",
                                                                                    "cumulative_cardinality": 7706042,
                                                                                    "extra_info": {
                                                                                        "Join Type": "INNER",
                                                                                        "Conditions": "c_custkey = o_custkey",
                                                                                        "Estimated Cardinality": "41653"
                                                                                    },
                                                                                    "cpu_time": 0.20562702199999996,
                                                                                    "operator_name": "HASH_JOIN",
                                                                                    "result_set_size": 88093440,
                                                                                    "children": [
                                                                                        {
                                                                                            "operator_timing": 0.007816918999999999,
                                                                                            "operator_rows_scanned": 900000,
                                                                                            "cumulative_rows_scanned": 900000,
                                                                                            "operator_cardinality": 299984,
                                                                                            "operator_type": "TABLE_SCAN",
                                                                                            "cumulative_cardinality": 299984,
                                                                                            "extra_info": {
                                                                                                "Table": "customer",
                                                                                                "Type": "Sequential Scan",
                                                                                                "Projections": [
                                                                                                    "c_custkey",
                                                                                                    "c_nationkey",
                                                                                                    "c_name",
                                                                                                    "c_acctbal",
                                                                                                    "c_phone",
                                                                                                    "c_address",
                                                                                                    "c_comment"
                                                                                                ],
                                                                                                "Filters": "c_custkey>=4 AND c_custkey<=149999",
                                                                                                "Estimated Cardinality": "300000"
                                                                                            },
                                                                                            "cpu_time": 0.007816918999999999,
                                                                                            "operator_name": "SEQ_SCAN ",
                                                                                            "result_set_size": 23998720,
                                                                                            "children": []
                                                                                        },
                                                                                        {
                                                                                            "operator_timing": 0.06002809499999998,
                                                                                            "operator_rows_scanned": 0,
                                                                                            "cumulative_rows_scanned": 23776058,
                                                                                            "operator_cardinality": 458820,
                                                                                            "operator_type": "HASH_JOIN",
                                                                                            "cumulative_cardinality": 6488418,
                                                                                            "extra_info": {
                                                                                                "Join Type": "INNER",
                                                                                                "Conditions": "l_orderkey = o_orderkey",
                                                                                                "Estimated Cardinality": "30748"
                                                                                            },
                                                                                            "cpu_time": 0.12071781899999998,
                                                                                            "operator_name": "HASH_JOIN",
                                                                                            "result_set_size": 11011680,
                                                                                            "children": [
                                                                                                {
                                                                                                    "operator_timing": 0.009136398999999998,
                                                                                                    "operator_rows_scanned": 0,
                                                                                                    "cumulative_rows_scanned": 23661920,
                                                                                                    "operator_cardinality": 2957730,
                                                                                                    "operator_type": "FILTER",
                                                                                                    "cumulative_cardinality": 5915460,
                                                                                                    "extra_info": {
                                                                                                        "Expression": "(l_orderkey <= 5999909)",
                                                                                                        "Estimated Cardinality": "591548"
                                                                                                    },
                                                                                                    "cpu_time": 0.06057825699999999,
                                                                                                    "operator_name": "FILTER",
                                                                                                    "result_set_size": 70985520,
                                                                                                    "children": [
                                                                                                        {
                                                                                                            "operator_timing": 0.05144185799999999,
                                                                                                            "operator_rows_scanned": 23661920,
                                                                                                            "cumulative_rows_scanned": 23661920,
                                                                                                            "operator_cardinality": 2957730,
                                                                                                            "operator_type": "TABLE_SCAN",
                                                                                                            "cumulative_cardinality": 2957730,
                                                                                                            "extra_info": {
                                                                                                                "Table": "lineitem",
                                                                                                                "Type": "Sequential Scan",
                                                                                                                "Projections": [
                                                                                                                    "l_orderkey",
                                                                                                                    "l_extendedprice",
                                                                                                                    "l_discount"
                                                                                                                ],
                                                                                                                "Filters": "l_returnflag='R'",
                                                                                                                "Estimated Cardinality": "591548"
                                                                                                            },
                                                                                                            "cpu_time": 0.05144185799999999,
                                                                                                            "operator_name": "SEQ_SCAN ",
                                                                                                            "result_set_size": 70985520,
                                                                                                            "children": []
                                                                                                        }
                                                                                                    ]
                                                                                                },
                                                                                                {
                                                                                                    "operator_timing": 0.00011146700000000004,
                                                                                                    "operator_rows_scanned": 114138,
                                                                                                    "cumulative_rows_scanned": 114138,
                                                                                                    "operator_cardinality": 114138,
                                                                                                    "operator_type": "TABLE_SCAN",
                                                                                                    "cumulative_cardinality": 114138,
                                                                                                    "extra_info": {
                                                                                                        "Table": "orders",
                                                                                                        "Type": "Sequential Scan",
                                                                                                        "Projections": [
                                                                                                            "o_custkey",
                                                                                                            "o_orderkey"
                                                                                                        ],
                                                                                                        "Estimated Cardinality": "22827"
                                                                                                    },
                                                                                                    "cpu_time": 0.00011146700000000004,
                                                                                                    "operator_name": "SEQ_SCAN ",
                                                                                                    "result_set_size": 1826208,
                                                                                                    "children": []
                                                                                                }
                                                                                            ]
                                                                                        }
                                                                                    ]
                                                                                },
                                                                                {
                                                                                    "operator_timing": 0.000012671,
                                                                                    "operator_rows_scanned": 50,
                                                                                    "cumulative_rows_scanned": 50,
                                                                                    "operator_cardinality": 50,
                                                                                    "operator_type": "TABLE_SCAN",
                                                                                    "cumulative_cardinality": 50,
                                                                                    "extra_info": {
                                                                                        "Table": "nation",
                                                                                        "Type": "Sequential Scan",
                                                                                        "Projections": [
                                                                                            "n_nationkey",
                                                                                            "n_name"
                                                                                        ],
                                                                                        "Estimated Cardinality": "50"
                                                                                    },
                                                                                    "cpu_time": 0.000012671,
                                                                                    "operator_name": "SEQ_SCAN ",
                                                                                    "result_set_size": 1000,
                                                                                    "children": []
                                                                                }
                                                                            ]
                                                                        }
                                                                    ]
                                                                }
                                                            ]
                                                        }
                                                    ]
                                                }
                                            ]
                                        }
                                    ]
                                }
                            ]
                        }
                    ]
                }
            ]
        }
    ]
}