{
    "all_optimizers": 0.00042004400000000006,
    "cumulative_optimizer_timing": 0.00041943600000000003,
    "planner": 0.000557626,
    "planner_binding": 0.000547717,
    "physical_planner": 0.000053327,
    "physical_planner_column_binding": 0.000005304,
    "physical_planner_resolve_types": 9.16e-7,
    "physical_planner_create_plan": 0.000042818,
    "optimizer_common_subexpressions": 0.0000076,
    "optimizer_statistics_propagation": 0.000050867,
    "optimizer_unused_columns": 0.000020806,
    "optimizer_unnest_rewriter": 0.00000112,
    "optimizer_deliminator": 0.00000168,
    "optimizer_join_order": 0.000109141,
    "optimizer_in_clause": 0.00000166,
    "optimizer_regex_range": 5.28e-7,
    "optimizer_cte_filter_pusher": 8.64e-7,
    "optimizer_empty_result_pullup": 9.78e-7,
    "optimizer_filter_pushdown": 0.000076859,
    "optimizer_filter_pullup": 0.000002782,
    "optimizer_expression_rewriter": 0.000079974,
    "optimizer_common_aggregate": 0.000003156,
    "optimizer_column_lifetime": 0.000010943999999999999,
    "cumulative_rows_scanned": 24000000,
    "cumulative_cardinality": 16388,
    "extra_info": {},
    "cpu_time": 0.000148735,
    "system_peak_temp_dir_size": 0,
    "optimizer_reorder_filter": 0.000002251,
    "system_peak_buffer_memory": 33314816,
    "optimizer_duplicate_groups": 0.000005709,
    "blocked_thread_time": 0.0,
    "optimizer_compressed_materialization": 0.0,
    "query_name": "select\n\tcntrycode,\n\tcount(*) as numcust,\n\tsum(c_acctbal) as totacctbal\nfrom\n\t(\n\t\tselect\n\t\t\tsubstring(c_phone from 1 for 2) as cntrycode,\n\t\t\tc_acctbal\n\t\tfrom\n\t\t\tcustomer\n\t\twhere\n\t\t\tsubstring(c_phone from 1 for 2) in\n\t\t\t\t('13', '31', '23', '29', '30', '18', '17')\n\t\t\tand c_acctbal > (\n\t\t\t\tselect\n\t\t\t\t\tavg(c_acctbal)\n\t\t\t\tfrom\n\t\t\t\t\tcustomer\n\t\t\t\twhere\n\t\t\t\t\tc_acctbal > 0.00\n\t\t\t\t\tand substring(c_phone from 1 for 2) in\n\t\t\t\t\t\t('13', '31', '23', '29', '30', '18', '17')\n\t\t\t)\n\t\t\tand not exists (\n\t\t\t\tselect\n\t\t\t\t\t*\n\t\t\t\tfrom\n\t\t\t\t\torders\n\t\t\t\twhere\n\t\t\t\t\to_custkey = c_custkey\n\t\t\t)\n\t) as custsale\ngroup by\n\tcntrycode\norder by\n\tcntrycode;\n",
    "result_set_size": 0,
    "optimizer_build_side_probe_side": 0.000015552,
    "latency": 0.003013431,
    "optimizer_limit_pushdown": 5.07e-7,
    "rows_returned": 0,
    "optimizer_top_n": 7.79e-7,
    "optimizer_late_materialization": 7.94e-7,
    "optimizer_sum_rewriter": 0.000008395,
    "optimizer_materialized_cte": 0.0,
    "optimizer_extension": 0.0,
    "optimizer_join_filter_pushdown": 0.000015969,
    "optimizer_sampling_pushdown": 5.21e-7,
    "children": [
        {
            "operator_timing": 2.75e-7,
            "operator_rows_scanned": 0,
            "cumulative_rows_scanned": 24000000,
            "operator_cardinality": 0,
            "operator_type": "ORDER_BY",
            "cumulative_cardinality": 16388,
            "extra_info": {
                "Order By": "custsale.cntrycode ASC"
            },
            "cpu_time": 0.000148735,
            "operator_name": "ORDER_BY",
            "result_set_size": 0,
            "children": [
                {
                    "operator_timing": 0.000001133,
                    "operator_rows_scanned": 0,
                    "cumulative_rows_scanned": 24000000,
                    "operator_cardinality": 0,
                    "operator_type": "HASH_GROUP_BY",
                    "cumulative_cardinality": 16388,
                    "extra_info": {
                        "Groups": "#0",
                        "Aggregates": [
                            "count_star()",
                            "sum(#1)"
                        ],
                        "Estimated Cardinality": "0"
                    },
                    "cpu_time": 0.00014846,
                    "operator_name": "HASH_GROUP_BY",
                    "result_set_size": 0,
                    "children": [
                        {
                            "operator_timing": 0.0,
                            "operator_rows_scanned": 0,
                            "cumulative_rows_scanned": 24000000,
                            "operator_cardinality": 0,
                            "operator_type": "PROJECTION",
                            "cumulative_cardinality": 16388,
                            "extra_info": {
                                "Projections": [
                                    "cntrycode",
                                    "c_acctbal"
                                ],
                                "Estimated Cardinality": "1"
                            },
                            "cpu_time": 0.000147327,
                            "operator_name": "PROJECTION",
                            "result_set_size": 0,
                            "children": [
                                {
                                    "operator_timing": 0.0,
                                    "operator_rows_scanned": 0,
                                    "cumulative_rows_scanned": 24000000,
                                    "operator_cardinality": 0,
                                    "operator_type": "PROJECTION",
                                    "cumulative_cardinality": 16388,
                                    "extra_info": {
                                        "Projections": [
                                            "cntrycode",
                                            "c_acctbal"
                                        ],
                                        "Estimated Cardinality": "1"
                                    },
                                    "cpu_time": 0.000147327,
                                    "operator_name": "PROJECTION",
                                    "result_set_size": 0,
                                    "children": [
                                        {
                                            "operator_timing": 0.0,
                                            "operator_rows_scanned": 0,
                                            "cumulative_rows_scanned": 24000000,
                                            "operator_cardinality": 0,
                                            "operator_type": "RIGHT_DELIM_JOIN",
                                            "cumulative_cardinality": 16388,
                                            "extra_info": {
                                                "Join Type": "RIGHT_ANTI",
                                                "Conditions": "c_custkey IS NOT DISTINCT FROM c_custkey",
                                                "Estimated Cardinality": "1",
                                                "Delim Index": "1"
                                            },
                                            "cpu_time": 0.000147327,
                                            "operator_name": "RIGHT_DELIM_JOIN",
                                            "result_set_size": 0,
                                            "children": [
                                                {
                                                    "operator_timing": 0.000010476,
                                                    "operator_rows_scanned": 0,
                                                    "cumulative_rows_scanned": 0,
                                                    "operator_cardinality": 0,
                                                    "operator_type": "NESTED_LOOP_JOIN",
                                                    "cumulative_cardinality": 4,
                                                    "extra_info": {
                                                        "Join Type": "INNER",
                                                        "Conditions": "SUBQUERY < c_acctbal",
                                                        "Estimated Cardinality": "1"
                                                    },
                                                    "cpu_time": 0.000028661,
                                                    "operator_name": "NESTED_LOOP_JOIN",
                                                    "result_set_size": 0,
                                                    "children": [
                                                        {
                                                            "operator_timing": 0.000002858,
                                                            "operator_rows_scanned": 0,
                                                            "cumulative_rows_scanned": 0,
                                                            "operator_cardinality": 1,
                                                            "operator_type": "PROJECTION",
                                                            "cumulative_cardinality": 4,
                                                            "extra_info": {
                                                                "Projections": [
                                                                    "CASE  WHEN ((#1 > 1)) THEN (error('More than one row returned by a subquery used as an expression - scalar subqueries can only return a single row.",
                                                                    "Use \"SET scalar_subquery_error_on_multiple_rows=false\" to revert to previous behavior of returning a random row.')) ELSE #0 END"
                                                                ],
                                                                "Estimated Cardinality": "1"
                                                            },
                                                            "cpu_time": 0.000014787000000000001,
                                                            "operator_name": "PROJECTION",
                                                            "result_set_size": 8,
                                                            "children": [
                                                                {
                                                                    "operator_timing": 0.0000049270000000000004,
                                                                    "operator_rows_scanned": 0,
                                                                    "cumulative_rows_scanned": 0,
                                                                    "operator_cardinality": 1,
                                                                    "operator_type": "UNGROUPED_AGGREGATE",
                                                                    "cumulative_cardinality": 3,
                                                                    "extra_info": {
                                                                        "Aggregates": [
                                                                            "\"first\"(#0)",
                                                                            "count_star()"
                                                                        ]
                                                                    },
                                                                    "cpu_time": 0.000011929,
                                                                    "operator_name": "UNGROUPED_AGGREGATE",
                                                                    "result_set_size": 16,
                                                                    "children": [
                                                                        {
                                                                            "operator_timing": 0.000001014,
                                                                            "operator_rows_scanned": 0,
                                                                            "cumulative_rows_scanned": 0,
                                                                            "operator_cardinality": 1,
                                                                            "operator_type": "PROJECTION",
                                                                            "cumulative_cardinality": 2,
                                                                            "extra_info": {
                                                                                "Projections": "#0",
                                                                                "Estimated Cardinality": "1"
                                                                            },
                                                                            "cpu_time": 0.000007001999999999999,
                                                                            "operator_name": "PROJECTION",
                                                                            "result_set_size": 8,
                                                                            "children": [
                                                                                {
                                                                                    "operator_timing": 0.000002918,
                                                                                    "operator_rows_scanned": 0,
                                                                                    "cumulative_rows_scanned": 0,
                                                                                    "operator_cardinality": 1,
                                                                                    "operator_type": "UNGROUPED_AGGREGATE",
                                                                                    "cumulative_cardinality": 1,
                                                                                    "extra_info": {
                                                                                        "Aggregates": "avg(#0)"
                                                                                    },
                                                                                    "cpu_time": 0.000005987999999999999,
                                                                                    "operator_name": "UNGROUPED_AGGREGATE",
                                                                                    "result_set_size": 8,
                                                                                    "children": [
                                                                                        {
                                                                                            "operator_timing": 0.0,
                                                                                            "operator_rows_scanned": 0,
                                                                                            "cumulative_rows_scanned": 0,
                                                                                            "operator_cardinality": 0,
                                                                                            "operator_type": "PROJECTION",
                                                                                            "cumulative_cardinality": 0,
                                                                                            "extra_info": {
                                                                                                "Projections": "c_acctbal",
                                                                                                "Estimated Cardinality": "0"
                                                                                            },
                                                                                            "cpu_time": 0.00000307,
                                                                                            "operator_name": "PROJECTION",
                                                                                            "result_set_size": 0,
                                                                                            "children": [
                                                                                                {
                                                                                                    "operator_timing": 0.00000307,
                                                                                                    "operator_rows_scanned": 0,
                                                                                                    "cumulative_rows_scanned": 0,
                                                                                                    "operator_cardinality": 0,
                                                                                                    "operator_type": "TABLE_SCAN",
                                                                                                    "cumulative_cardinality": 0,
                                                                                                    "extra_info": {
                                                                                                        "Table": "customer",
                                                                                                        "Type": "Sequential Scan",
                                                                                                        "Projections": "c_acctbal",
                                                                                                        "Filters": "(\"substring\"(c_phone, 1, 2) IN ('13', '31', '23', '29', '30', '18', '17'))",
                                                                                                        "Estimated Cardinality": "0"
                                                                                                    },
                                                                                                    "cpu_time": 0.00000307,
                                                                                                    "operator_name": "SEQ_SCAN ",
                                                                                                    "result_set_size": 0,
                                                                                                    "children": []
                                                                                                }
                                                                                            ]
                                                                                        }
                                                                                    ]
                                                                                }
                                                                            ]
                                                                        }
                                                                    ]
                                                                }
                                                            ]
                                                        },
                                                        {
                                                            "operator_timing": 0.000003398,
                                                            "operator_rows_scanned": 0,
                                                            "cumulative_rows_scanned": 0,
                                                            "operator_cardinality": 0,
                                                            "operator_type": "TABLE_SCAN",
                                                            "cumulative_cardinality": 0,
                                                            "extra_info": {
                                                                "Table": "customer",
                                                                "Type": "Sequential Scan",
                                                                "Projections": [
                                                                    "c_phone",
                                                                    "c_acctbal",
                                                                    "c_custkey"
                                                                ],
                                                                "Filters": "(\"substring\"(c_phone, 1, 2) IN ('13', '31', '23', '29', '30', '18', '17'))",
                                                                "Estimated Cardinality": "0"
                                                            },
                                                            "cpu_time": 0.000003398,
                                                            "operator_name": "SEQ_SCAN ",
                                                            "result_set_size": 0,
                                                            "children": []
                                                        }
                                                    ]
                                                },
                                                {
                                                    "operator_timing": 0.000003887,
                                                    "operator_rows_scanned": 0,
                                                    "cumulative_rows_scanned": 24000000,
                                                    "operator_cardinality": 0,
                                                    "operator_type": "HASH_JOIN",
                                                    "cumulative_cardinality": 16384,
                                                    "extra_info": {
                                                        "Join Type": "RIGHT_ANTI",
                                                        "Conditions": "c_custkey IS NOT DISTINCT FROM c_custkey",
                                                        "Estimated Cardinality": "1"
                                                    },
                                                    "cpu_time": 0.000117624,
                                                    "operator_name": "HASH_JOIN",
                                                    "result_set_size": 0,
                                                    "children": [
                                                        {
                                                            "operator_timing": 0.0,
                                                            "operator_rows_scanned": 0,
                                                            "cumulative_rows_scanned": 24000000,
                                                            "operator_cardinality": 0,
                                                            "operator_type": "PROJECTION",
                                                            "cumulative_cardinality": 16384,
                                                            "extra_info": {
                                                                "Projections": "c_custkey",
                                                                "Estimated Cardinality": "29"
                                                            },
                                                            "cpu_time": 0.000113737,
                                                            "operator_name": "PROJECTION",
                                                            "result_set_size": 0,
                                                            "children": [
                                                                {
                                                                    "operator_timing": 0.000057493,
                                                                    "operator_rows_scanned": 0,
                                                                    "cumulative_rows_scanned": 24000000,
                                                                    "operator_cardinality": 0,
                                                                    "operator_type": "HASH_JOIN",
                                                                    "cumulative_cardinality": 16384,
                                                                    "extra_info": {
                                                                        "Join Type": "INNER",
                                                                        "Conditions": "o_custkey = CAST(c_custkey AS BIGINT)",
                                                                        "Estimated Cardinality": "29"
                                                                    },
                                                                    "cpu_time": 0.000113737,
                                                                    "operator_name": "HASH_JOIN",
                                                                    "result_set_size": 0,
                                                                    "children": [
                                                                        {
                                                                            "operator_timing": 0.000056244,
                                                                            "operator_rows_scanned": 24000000,
                                                                            "cumulative_rows_scanned": 24000000,
                                                                            "operator_cardinality": 16384,
                                                                            "operator_type": "TABLE_SCAN",
                                                                            "cumulative_cardinality": 16384,
                                                                            "extra_info": {
                                                                                "Table": "orders",
                                                                                "Type": "Sequential Scan",
                                                                                "Projections": "o_custkey",
                                                                                "Estimated Cardinality": "3000000"
                                                                            },
                                                                            "cpu_time": 0.000056244,
                                                                            "operator_name": "SEQ_SCAN ",
                                                                            "result_set_size": 131072,
                                                                            "children": []
                                                                        },
                                                                        {
                                                                            "operator_timing": 0.0,
                                                                            "operator_rows_scanned": 0,
                                                                            "cumulative_rows_scanned": 0,
                                                                            "operator_cardinality": 0,
                                                                            "operator_type": "DELIM_SCAN",
                                                                            "cumulative_cardinality": 0,
                                                                            "extra_info": {
                                                                                "Delim Index": "1",
                                                                                "Estimated Cardinality": "0"
                                                                            },
                                                                            "cpu_time": 0.0,
                                                                            "operator_name": "DELIM_SCAN",
                                                                            "result_set_size": 0,
                                                                            "children": []
                                                                        }
                                                                    ]
                                                                }
                                                            ]
                                                        },
                                                        {
                                                            "operator_timing": 0.0,
                                                            "operator_rows_scanned": 0,
                                                            "cumulative_rows_scanned": 0,
                                                            "operator_cardinality": 0,
                                                            "operator_type": "DUMMY_SCAN",
                                                            "cumulative_cardinality": 0,
                                                            "extra_info": {},
                                                            "cpu_time": 0.0,
                                                            "operator_name": "DUMMY_SCAN",
                                                            "result_set_size": 0,
                                                            "children": []
                                                        }
                                                    ]
                                                },
                                                {
                                                    "operator_timing": 0.000001042,
                                                    "operator_rows_scanned": 0,
                                                    "cumulative_rows_scanned": 0,
                                                    "operator_cardinality": 0,
                                                    "operator_type": "HASH_GROUP_BY",
                                                    "cumulative_cardinality": 0,
                                                    "extra_info": {
                                                        "Groups": "#3",
                                                        "Aggregates": "",
                                                        "Estimated Cardinality": "0"
                                                    },
                                                    "cpu_time": 0.000001042,
                                                    "operator_name": "HASH_GROUP_BY",
                                                    "result_set_size": 0,
                                                    "children": []
                                                }
                                            ]
                                        }
                                    ]
                                }
                            ]
                        }
                    ]
                }
            ]
        }
    ]
}