{
    "all_optimizers": 0.0013082779999999997,
    "cumulative_optimizer_timing": 0.001306597,
    "planner": 0.00046966799999999996,
    "planner_binding": 0.00046529,
    "physical_planner": 0.000082648,
    "physical_planner_column_binding": 0.000011442,
    "physical_planner_resolve_types": 0.000002125,
    "physical_planner_create_plan": 0.000061814,
    "optimizer_common_subexpressions": 0.000011284,
    "optimizer_statistics_propagation": 0.000259533,
    "optimizer_unused_columns": 0.000029488,
    "optimizer_unnest_rewriter": 0.000001217,
    "optimizer_deliminator": 0.00000119,
    "optimizer_join_order": 0.000596436,
    "optimizer_in_clause": 0.000001496,
    "optimizer_regex_range": 8.83e-7,
    "optimizer_cte_filter_pusher": 0.000001355,
    "optimizer_empty_result_pullup": 0.000001531,
    "optimizer_filter_pushdown": 0.000157691,
    "optimizer_filter_pullup": 0.000003427,
    "optimizer_expression_rewriter": 0.000086919,
    "optimizer_common_aggregate": 0.000010576,
    "optimizer_column_lifetime": 0.000045609,
    "cumulative_rows_scanned": 98760268,
    "cumulative_cardinality": 20903475,
    "extra_info": {},
    "cpu_time": 0.8946837660000003,
    "system_peak_temp_dir_size": 0,
    "optimizer_reorder_filter": 0.000007557,
    "system_peak_buffer_memory": 2284331232,
    "optimizer_duplicate_groups": 0.000007255,
    "blocked_thread_time": 0.0,
    "optimizer_compressed_materialization": 0.0,
    "query_name": "select\n\tn_name,\n\tsum(l_extendedprice * (1 - l_discount)) as revenue\nfrom\n\tcustomer,\n\torders,\n\tlineitem,\n\tsupplier,\n\tnation,\n\tregion\nwhere\n\tc_custkey = o_custkey\n\tand l_orderkey = o_orderkey\n\tand l_suppkey = s_suppkey\n\tand c_nationkey = s_nationkey\n\tand s_nationkey = n_nationkey\n\tand n_regionkey = r_regionkey\n\tand r_name = 'ASIA'\n\tand o_orderdate >= date '1994-01-01'\n\tand o_orderdate < date '1995-01-01'\ngroup by\n\tn_name\norder by\n\trevenue desc;\n",
    "result_set_size": 120,
    "optimizer_build_side_probe_side": 0.000032353,
    "latency": 0.196235534,
    "optimizer_limit_pushdown": 7.75e-7,
    "rows_returned": 5,
    "optimizer_top_n": 0.000001107,
    "optimizer_late_materialization": 0.00000121,
    "optimizer_sum_rewriter": 0.000005246,
    "optimizer_materialized_cte": 0.0,
    "optimizer_extension": 0.0,
    "optimizer_join_filter_pushdown": 0.000041803,
    "optimizer_sampling_pushdown": 6.56e-7,
    "children": [
        {
            "operator_timing": 0.000008451000000000001,
            "operator_rows_scanned": 0,
            "cumulative_rows_scanned": 98760268,
            "operator_cardinality": 5,
            "operator_type": "PROJECTION",
            "cumulative_cardinality": 20903475,
            "extra_info": {
                "Projections": [
                    "__internal_decompress_string(#0)",
                    "#1"
                ],
                "Estimated Cardinality": "99027"
            },
            "cpu_time": 0.8946837660000003,
            "operator_name": "PROJECTION",
            "result_set_size": 120,
            "children": [
                {
                    "operator_timing": 0.00103425,
                    "operator_rows_scanned": 0,
                    "cumulative_rows_scanned": 98760268,
                    "operator_cardinality": 5,
                    "operator_type": "ORDER_BY",
                    "cumulative_cardinality": 20903470,
                    "extra_info": {
                        "Order By": "sum((memory.main.lineitem.l_extendedprice * (1 - memory.main.lineitem.l_discount))) DESC"
                    },
                    "cpu_time": 0.8946753150000003,
                    "operator_name": "ORDER_BY",
                    "result_set_size": 120,
                    "children": [
                        {
                            "operator_timing": 0.000008489000000000001,
                            "operator_rows_scanned": 0,
                            "cumulative_rows_scanned": 98760268,
                            "operator_cardinality": 5,
                            "operator_type": "PROJECTION",
                            "cumulative_cardinality": 20903465,
                            "extra_info": {
                                "Projections": [
                                    "__internal_compress_string_hugeint(#0)",
                                    "#1"
                                ],
                                "Estimated Cardinality": "99027"
                            },
                            "cpu_time": 0.8936410650000003,
                            "operator_name": "PROJECTION",
                            "result_set_size": 120,
                            "children": [
                                {
                                    "operator_timing": 0.000011842,
                                    "operator_rows_scanned": 0,
                                    "cumulative_rows_scanned": 98760268,
                                    "operator_cardinality": 5,
                                    "operator_type": "PROJECTION",
                                    "cumulative_cardinality": 20903460,
                                    "extra_info": {
                                        "Projections": [
                                            "__internal_decompress_string(#0)",
                                            "#1"
                                        ],
                                        "Estimated Cardinality": "99027"
                                    },
                                    "cpu_time": 0.8936325760000003,
                                    "operator_name": "PROJECTION",
                                    "result_set_size": 120,
                                    "children": [
                                        {
                                            "operator_timing": 0.047837232000000014,
                                            "operator_rows_scanned": 0,
                                            "cumulative_rows_scanned": 98760268,
                                            "operator_cardinality": 5,
                                            "operator_type": "HASH_GROUP_BY",
                                            "cumulative_cardinality": 20903455,
                                            "extra_info": {
                                                "Groups": "#0",
                                                "Aggregates": "sum(#1)",
                                                "Estimated Cardinality": "99027"
                                            },
                                            "cpu_time": 0.8936207340000003,
                                            "operator_name": "HASH_GROUP_BY",
                                            "result_set_size": 120,
                                            "children": [
                                                {
                                                    "operator_timing": 0.022811062999999996,
                                                    "operator_rows_scanned": 0,
                                                    "cumulative_rows_scanned": 98760268,
                                                    "operator_cardinality": 463552,
                                                    "operator_type": "PROJECTION",
                                                    "cumulative_cardinality": 20903450,
                                                    "extra_info": {
                                                        "Projections": [
                                                            "n_name",
                                                            "(l_extendedprice * (1.0 - l_discount))"
                                                        ],
                                                        "Estimated Cardinality": "1064054"
                                                    },
                                                    "cpu_time": 0.8457835020000003,
                                                    "operator_name": "PROJECTION",
                                                    "result_set_size": 11125248,
                                                    "children": [
                                                        {
                                                            "operator_timing": 0.03005734199999999,
                                                            "operator_rows_scanned": 0,
                                                            "cumulative_rows_scanned": 98760268,
                                                            "operator_cardinality": 463552,
                                                            "operator_type": "PROJECTION",
                                                            "cumulative_cardinality": 20439898,
                                                            "extra_info": {
                                                                "Projections": [
                                                                    "__internal_compress_string_hugeint(#2)",
                                                                    "#0",
                                                                    "#1",
                                                                    "__internal_compress_integral_usmallint(#3, 1)",
                                                                    "__internal_compress_integral_utinyint(#4, 0)"
                                                                ],
                                                                "Estimated Cardinality": "1064054"
                                                            },
                                                            "cpu_time": 0.8229724390000003,
                                                            "operator_name": "PROJECTION",
                                                            "result_set_size": 16224320,
                                                            "children": [
                                                                {
                                                                    "operator_timing": 0.17246590100000006,
                                                                    "operator_rows_scanned": 0,
                                                                    "cumulative_rows_scanned": 98760268,
                                                                    "operator_cardinality": 463552,
                                                                    "operator_type": "HASH_JOIN",
                                                                    "cumulative_cardinality": 19976346,
                                                                    "extra_info": {
                                                                        "Join Type": "INNER",
                                                                        "Conditions": [
                                                                            "c_nationkey = s_nationkey",
                                                                            "l_suppkey = s_suppkey"
                                                                        ],
                                                                        "Estimated Cardinality": "1064054"
                                                                    },
                                                                    "cpu_time": 0.7929150970000003,
                                                                    "operator_name": "HASH_JOIN",
                                                                    "result_set_size": 20396288,
                                                                    "children": [
                                                                        {
                                                                            "operator_timing": 0.5082798120000002,
                                                                            "operator_rows_scanned": 0,
                                                                            "cumulative_rows_scanned": 98740268,
                                                                            "operator_cardinality": 5890624,
                                                                            "operator_type": "HASH_JOIN",
                                                                            "cumulative_cardinality": 19492794,
                                                                            "extra_info": {
                                                                                "Join Type": "INNER",
                                                                                "Conditions": "l_orderkey = o_orderkey",
                                                                                "Estimated Cardinality": "603585"
                                                                            },
                                                                            "cpu_time": 0.6203820550000002,
                                                                            "operator_name": "HASH_JOIN",
                                                                            "result_set_size": 259187456,
                                                                            "children": [
                                                                                {
                                                                                    "operator_timing": 0.050900117999999994,
                                                                                    "operator_rows_scanned": 96019440,
                                                                                    "cumulative_rows_scanned": 96019440,
                                                                                    "operator_cardinality": 12001248,
                                                                                    "operator_type": "TABLE_SCAN",
                                                                                    "cumulative_cardinality": 12001248,
                                                                                    "extra_info": {
                                                                                        "Table": "lineitem",
                                                                                        "Type": "Sequential Scan",
                                                                                        "Projections": [
                                                                                            "l_orderkey",
                                                                                            "l_suppkey",
                                                                                            "l_extendedprice",
                                                                                            "l_discount"
                                                                                        ],
                                                                                        "Filters": "l_orderkey>=5 AND l_orderkey<=5999942",
                                                                                        "Estimated Cardinality": "12002430"
                                                                                    },
                                                                                    "cpu_time": 0.050900117999999994,
                                                                                    "operator_name": "SEQ_SCAN ",
                                                                                    "result_set_size": 384039936,
                                                                                    "children": []
                                                                                },
                                                                                {
                                                                                    "operator_timing": 0.050651351000000004,
                                                                                    "operator_rows_scanned": 0,
                                                                                    "cumulative_rows_scanned": 2720828,
                                                                                    "operator_cardinality": 736128,
                                                                                    "operator_type": "HASH_JOIN",
                                                                                    "cumulative_cardinality": 1600922,
                                                                                    "extra_info": {
                                                                                        "Join Type": "INNER",
                                                                                        "Conditions": "c_custkey = o_custkey",
                                                                                        "Estimated Cardinality": "47432"
                                                                                    },
                                                                                    "cpu_time": 0.061202125,
                                                                                    "operator_name": "HASH_JOIN",
                                                                                    "result_set_size": 20611584,
                                                                                    "children": [
                                                                                        {
                                                                                            "operator_timing": 0.0055103850000000005,
                                                                                            "operator_rows_scanned": 0,
                                                                                            "cumulative_rows_scanned": 900052,
                                                                                            "operator_cardinality": 241464,
                                                                                            "operator_type": "HASH_JOIN",
                                                                                            "cumulative_cardinality": 409600,
                                                                                            "extra_info": {
                                                                                                "Join Type": "INNER",
                                                                                                "Conditions": "c_nationkey = n_nationkey",
                                                                                                "Estimated Cardinality": "115384"
                                                                                            },
                                                                                            "cpu_time": 0.009645863,
                                                                                            "operator_name": "HASH_JOIN",
                                                                                            "result_set_size": 6760992,
                                                                                            "children": [
                                                                                                {
                                                                                                    "operator_timing": 0.003891660999999999,
                                                                                                    "operator_rows_scanned": 900000,
                                                                                                    "cumulative_rows_scanned": 900000,
                                                                                                    "operator_cardinality": 168104,
                                                                                                    "operator_type": "TABLE_SCAN",
                                                                                                    "cumulative_cardinality": 168104,
                                                                                                    "extra_info": {
                                                                                                        "Table": "customer",
                                                                                                        "Type": "Sequential Scan",
                                                                                                        "Projections": [
                                                                                                            "c_custkey",
                                                                                                            "c_nationkey"
                                                                                                        ],
                                                                                                        "Filters": "c_custkey>=2 AND c_custkey<=149999",
                                                                                                        "Estimated Cardinality": "300000"
                                                                                                    },
                                                                                                    "cpu_time": 0.003891660999999999,
                                                                                                    "operator_name": "SEQ_SCAN ",
                                                                                                    "result_set_size": 2017248,
                                                                                                    "children": []
                                                                                                },
                                                                                                {
                                                                                                    "operator_timing": 0.000196068,
                                                                                                    "operator_rows_scanned": 0,
                                                                                                    "cumulative_rows_scanned": 52,
                                                                                                    "operator_cardinality": 20,
                                                                                                    "operator_type": "HASH_JOIN",
                                                                                                    "cumulative_cardinality": 32,
                                                                                                    "extra_info": {
                                                                                                        "Join Type": "INNER",
                                                                                                        "Conditions": "n_regionkey = r_regionkey",
                                                                                                        "Estimated Cardinality": "10"
                                                                                                    },
                                                                                                    "cpu_time": 0.00024381700000000001,
                                                                                                    "operator_name": "HASH_JOIN",
                                                                                                    "result_set_size": 480,
                                                                                                    "children": [
                                                                                                        {
                                                                                                            "operator_timing": 0.000024352,
                                                                                                            "operator_rows_scanned": 50,
                                                                                                            "cumulative_rows_scanned": 50,
                                                                                                            "operator_cardinality": 10,
                                                                                                            "operator_type": "TABLE_SCAN",
                                                                                                            "cumulative_cardinality": 10,
                                                                                                            "extra_info": {
                                                                                                                "Table": "nation",
                                                                                                                "Type": "Sequential Scan",
                                                                                                                "Projections": [
                                                                                                                    "n_nationkey",
                                                                                                                    "n_regionkey",
                                                                                                                    "n_name"
                                                                                                                ],
                                                                                                                "Filters": "n_regionkey>=2 AND n_regionkey<=2",
                                                                                                                "Estimated Cardinality": "50"
                                                                                                            },
                                                                                                            "cpu_time": 0.000024352,
                                                                                                            "operator_name": "SEQ_SCAN ",
                                                                                                            "result_set_size": 240,
                                                                                                            "children": []
                                                                                                        },
                                                                                                        {
                                                                                                            "operator_timing": 0.000023397,
                                                                                                            "operator_rows_scanned": 2,
                                                                                                            "cumulative_rows_scanned": 2,
                                                                                                            "operator_cardinality": 2,
                                                                                                            "operator_type": "TABLE_SCAN",
                                                                                                            "cumulative_cardinality": 2,
                                                                                                            "extra_info": {
                                                                                                                "Table": "region",
                                                                                                                "Type": "Sequential Scan",
                                                                                                                "Projections": "r_regionkey",
                                                                                                                "Filters": "r_name='ASIA'",
                                                                                                                "Estimated Cardinality": "1"
                                                                                                            },
                                                                                                            "cpu_time": 0.000023397,
                                                                                                            "operator_name": "SEQ_SCAN ",
                                                                                                            "result_set_size": 8,
                                                                                                            "children": []
                                                                                                        }
                                                                                                    ]
                                                                                                }
                                                                                            ]
                                                                                        },
                                                                                        {
                                                                                            "operator_timing": 0.000904911,
                                                                                            "operator_rows_scanned": 1820776,
                                                                                            "cumulative_rows_scanned": 1820776,
                                                                                            "operator_cardinality": 455194,
                                                                                            "operator_type": "TABLE_SCAN",
                                                                                            "cumulative_cardinality": 455194,
                                                                                            "extra_info": {
                                                                                                "Table": "orders",
                                                                                                "Type": "Sequential Scan",
                                                                                                "Projections": [
                                                                                                    "o_custkey",
                                                                                                    "o_orderkey"
                                                                                                ],
                                                                                                "Estimated Cardinality": "91038"
                                                                                            },
                                                                                            "cpu_time": 0.000904911,
                                                                                            "operator_name": "SEQ_SCAN ",
                                                                                            "result_set_size": 7283104,
                                                                                            "children": []
                                                                                        }
                                                                                    ]
                                                                                }
                                                                            ]
                                                                        },
                                                                        {
                                                                            "operator_timing": 0.00006714100000000001,
                                                                            "operator_rows_scanned": 20000,
                                                                            "cumulative_rows_scanned": 20000,
                                                                            "operator_cardinality": 20000,
                                                                            "operator_type": "TABLE_SCAN",
                                                                            "cumulative_cardinality": 20000,
                                                                            "extra_info": {
                                                                                "Table": "supplier",
                                                                                "Type": "Sequential Scan",
                                                                                "Projections": [
                                                                                    "s_suppkey",
                                                                                    "s_nationkey"
                                                                                ],
                                                                                "Estimated Cardinality": "20000"
                                                                            },
                                                                            "cpu_time": 0.00006714100000000001,
                                                                            "operator_name": "SEQ_SCAN ",
                                                                            "result_set_size": 240000,
                                                                            "children": []
                                                                        }
                                                                    ]
                                                                }
                                                            ]
                                                        }
                                                    ]
                                                }
                                            ]
                                        }
                                    ]
                                }
                            ]
                        }
                    ]
                }
            ]
        }
    ]
}