{
    "all_optimizers": 0.0034773749999999996,
    "cumulative_optimizer_timing": 0.003476426,
    "planner": 0.00011914199999999999,
    "planner_binding": 0.000117147,
    "physical_planner": 0.000022778,
    "physical_planner_column_binding": 0.000001947,
    "physical_planner_resolve_types": 2.22e-7,
    "physical_planner_create_plan": 0.00001847,
    "optimizer_common_subexpressions": 0.000003619,
    "optimizer_statistics_propagation": 0.000015983,
    "optimizer_unused_columns": 0.000010674,
    "optimizer_unnest_rewriter": 5.99e-7,
    "optimizer_deliminator": 7.28e-7,
    "optimizer_join_order": 0.000028068,
    "optimizer_in_clause": 0.000001203,
    "optimizer_regex_range": 9.23e-7,
    "optimizer_cte_filter_pusher": 7.37e-7,
    "optimizer_empty_result_pullup": 5.93e-7,
    "optimizer_filter_pushdown": 0.000100545,
    "optimizer_filter_pullup": 0.000001787,
    "optimizer_expression_rewriter": 0.003289894,
    "optimizer_common_aggregate": 0.000001711,
    "optimizer_column_lifetime": 0.000004932,
    "cumulative_rows_scanned": 0,
    "cumulative_cardinality": 1,
    "extra_info": {},
    "cpu_time": 0.000141384,
    "system_peak_temp_dir_size": 0,
    "optimizer_reorder_filter": 0.000001453,
    "system_peak_buffer_memory": 4096,
    "optimizer_duplicate_groups": 0.000002042,
    "blocked_thread_time": 0.0,
    "optimizer_compressed_materialization": 0.0,
    "query_name": "select\n\tsum(l_extendedprice * l_discount) as revenue\nfrom\n\tlineitem\nwhere\n\tl_shipdate >= '1994-01-01'\n\tand l_shipdate < '1995-01-01'\n\tand l_discount between 0.05 and 0.05\n\tand l_quantity < 24;\n",
    "result_set_size": 8,
    "optimizer_build_side_probe_side": 0.000002291,
    "latency": 0.005029394,
    "optimizer_limit_pushdown": 3.25e-7,
    "rows_returned": 1,
    "optimizer_top_n": 3.53e-7,
    "optimizer_late_materialization": 6.04e-7,
    "optimizer_sum_rewriter": 0.000006289,
    "optimizer_materialized_cte": 0.0,
    "optimizer_extension": 0.0,
    "optimizer_join_filter_pushdown": 7.99e-7,
    "optimizer_sampling_pushdown": 2.74e-7,
    "children": [
        {
            "operator_timing": 0.000137991,
            "operator_rows_scanned": 0,
            "cumulative_rows_scanned": 0,
            "operator_cardinality": 1,
            "operator_type": "UNGROUPED_AGGREGATE",
            "cumulative_cardinality": 1,
            "extra_info": {
                "Aggregates": "sum(#0)"
            },
            "cpu_time": 0.000141384,
            "operator_name": "UNGROUPED_AGGREGATE",
            "result_set_size": 8,
            "children": [
                {
                    "operator_timing": 0.0,
                    "operator_rows_scanned": 0,
                    "cumulative_rows_scanned": 0,
                    "operator_cardinality": 0,
                    "operator_type": "PROJECTION",
                    "cumulative_cardinality": 0,
                    "extra_info": {
                        "Projections": "(l_extendedprice * l_discount)",
                        "Estimated Cardinality": "1"
                    },
                    "cpu_time": 0.000003393,
                    "operator_name": "PROJECTION",
                    "result_set_size": 0,
                    "children": [
                        {
                            "operator_timing": 0.0,
                            "operator_rows_scanned": 0,
                            "cumulative_rows_scanned": 0,
                            "operator_cardinality": 0,
                            "operator_type": "PROJECTION",
                            "cumulative_cardinality": 0,
                            "extra_info": {
                                "Projections": [
                                    "#1",
                                    "#2"
                                ],
                                "Estimated Cardinality": "1"
                            },
                            "cpu_time": 0.000003393,
                            "operator_name": "PROJECTION",
                            "result_set_size": 0,
                            "children": [
                                {
                                    "operator_timing": 9.4e-8,
                                    "operator_rows_scanned": 0,
                                    "cumulative_rows_scanned": 0,
                                    "operator_cardinality": 0,
                                    "operator_type": "FILTER",
                                    "cumulative_cardinality": 0,
                                    "extra_info": {
                                        "Expression": "((l_shipdate >= CAST('1994-01-01' AS INTEGER)) AND (l_shipdate < CAST('1995-01-01' AS INTEGER)))",
                                        "Estimated Cardinality": "1"
                                    },
                                    "cpu_time": 0.000003393,
                                    "operator_name": "FILTER",
                                    "result_set_size": 0,
                                    "children": [
                                        {
                                            "operator_timing": 0.000003299,
                                            "operator_rows_scanned": 0,
                                            "cumulative_rows_scanned": 0,
                                            "operator_cardinality": 0,
                                            "operator_type": "TABLE_SCAN",
                                            "cumulative_cardinality": 0,
                                            "extra_info": {
                                                "Table": "lineitem",
                                                "Type": "Sequential Scan",
                                                "Projections": [
                                                    "l_shipdate",
                                                    "l_discount",
                                                    "l_extendedprice"
                                                ],
                                                "Estimated Cardinality": "0"
                                            },
                                            "cpu_time": 0.000003299,
                                            "operator_name": "SEQ_SCAN ",
                                            "result_set_size": 0,
                                            "children": []
                                        }
                                    ]
                                }
                            ]
                        }
                    ]
                }
            ]
        }
    ]
}