{
    "all_optimizers": 0.00043581300000000006,
    "cumulative_optimizer_timing": 0.00043532400000000006,
    "planner": 0.000227616,
    "planner_binding": 0.000225767,
    "physical_planner": 0.000031627999999999996,
    "physical_planner_column_binding": 0.000005465,
    "physical_planner_resolve_types": 5.13e-7,
    "physical_planner_create_plan": 0.000023131,
    "optimizer_common_subexpressions": 0.000005217,
    "optimizer_statistics_propagation": 0.000049262,
    "optimizer_unused_columns": 0.000013899,
    "optimizer_unnest_rewriter": 8.29e-7,
    "optimizer_deliminator": 5.39e-7,
    "optimizer_join_order": 0.000073856,
    "optimizer_in_clause": 0.000003816,
    "optimizer_regex_range": 6.46e-7,
    "optimizer_cte_filter_pusher": 9.87e-7,
    "optimizer_empty_result_pullup": 0.000001009,
    "optimizer_filter_pushdown": 0.00004995,
    "optimizer_filter_pullup": 0.00000198,
    "optimizer_expression_rewriter": 0.000166117,
    "optimizer_common_aggregate": 0.000002979,
    "optimizer_column_lifetime": 0.000016503,
    "cumulative_rows_scanned": 415218,
    "cumulative_cardinality": 204899,
    "extra_info": {},
    "cpu_time": 0.004474528,
    "system_peak_temp_dir_size": 0,
    "optimizer_reorder_filter": 0.000008629,
    "system_peak_buffer_memory": 45350016,
    "optimizer_duplicate_groups": 0.000004635,
    "blocked_thread_time": 0.0,
    "optimizer_compressed_materialization": 0.0,
    "query_name": "select\n\tsum(l_extendedprice* (1 - l_discount)) as revenue\nfrom\n\tlineitem,\n\tpart\nwhere\n\t(\n\t\tp_partkey = l_partkey\n\t\tand p_brand = 'Brand#12'\n\t\tand p_container in ('SM CASE', 'SM BOX', 'SM PACK', 'SM PKG')\n\t\tand l_quantity >= 1 and l_quantity <= 11\n\t\tand p_size between 1 and 5\n\t\tand l_shipmode in ('AIR', 'AIR REG')\n\t\tand l_shipinstruct = 'DELIVER IN PERSON'\n\t)\n\tor\n\t(\n\t\tp_partkey = l_partkey\n\t\tand p_brand = 'Brand#23'\n\t\tand p_container in ('MED BAG', 'MED BOX', 'MED PKG', 'MED PACK')\n\t\tand l_quantity >= 10 and l_quantity <= 20\n\t\tand p_size between 1 and 10\n\t\tand l_shipmode in ('AIR', 'AIR REG')\n\t\tand l_shipinstruct = 'DELIVER IN PERSON'\n\t)\n\tor\n\t(\n\t\tp_partkey = l_partkey\n\t\tand p_brand = 'Brand#34'\n\t\tand p_container in ('LG CASE', 'LG BOX', 'LG PACK', 'LG PKG')\n\t\tand l_quantity >= 20 and l_quantity <= 30\n\t\tand p_size between 1 and 15\n\t\tand l_shipmode in ('AIR', 'AIR REG')\n\t\tand l_shipinstruct = 'DELIVER IN PERSON'\n\t);\n",
    "result_set_size": 8,
    "optimizer_build_side_probe_side": 0.000011716,
    "latency": 0.005308325,
    "optimizer_limit_pushdown": 3.09e-7,
    "rows_returned": 1,
    "optimizer_top_n": 5.84e-7,
    "optimizer_late_materialization": 5.93e-7,
    "optimizer_sum_rewriter": 0.00000394,
    "optimizer_materialized_cte": 0.0,
    "optimizer_extension": 0.0,
    "optimizer_join_filter_pushdown": 0.000017112,
    "optimizer_sampling_pushdown": 2.17e-7,
    "children": [
        {
            "operator_timing": 0.000005464,
            "operator_rows_scanned": 0,
            "cumulative_rows_scanned": 415218,
            "operator_cardinality": 1,
            "operator_type": "UNGROUPED_AGGREGATE",
            "cumulative_cardinality": 204899,
            "extra_info": {
                "Aggregates": "sum(#0)"
            },
            "cpu_time": 0.004474528,
            "operator_name": "UNGROUPED_AGGREGATE",
            "result_set_size": 8,
            "children": [
                {
                    "operator_timing": 0.0,
                    "operator_rows_scanned": 0,
                    "cumulative_rows_scanned": 415218,
                    "operator_cardinality": 0,
                    "operator_type": "PROJECTION",
                    "cumulative_cardinality": 204898,
                    "extra_info": {
                        "Projections": "(l_extendedprice * (1.0 - l_discount))",
                        "Estimated Cardinality": "986"
                    },
                    "cpu_time": 0.004469064,
                    "operator_name": "PROJECTION",
                    "result_set_size": 0,
                    "children": [
                        {
                            "operator_timing": 0.0,
                            "operator_rows_scanned": 0,
                            "cumulative_rows_scanned": 415218,
                            "operator_cardinality": 0,
                            "operator_type": "PROJECTION",
                            "cumulative_cardinality": 204898,
                            "extra_info": {
                                "Projections": [
                                    "#4",
                                    "#5"
                                ],
                                "Estimated Cardinality": "986"
                            },
                            "cpu_time": 0.004469064,
                            "operator_name": "PROJECTION",
                            "result_set_size": 0,
                            "children": [
                                {
                                    "operator_timing": 0.000061034,
                                    "operator_rows_scanned": 0,
                                    "cumulative_rows_scanned": 415218,
                                    "operator_cardinality": 0,
                                    "operator_type": "FILTER",
                                    "cumulative_cardinality": 204898,
                                    "extra_info": {
                                        "Expression": "(((p_size <= 5) AND (l_quantity <= 11.0) AND (p_brand = 'Brand#12') AND ((p_container = 'SM CASE') OR (p_container = 'SM BOX') OR (p_container = 'SM PACK') OR (p_container = 'SM PKG'))) OR ((p_size <= 10) AND (l_quantity >= 10.0) AND (l_quantity <= 20.0) AND (p_brand = 'Brand#23') AND ((p_container = 'MED BAG') OR (p_container = 'MED BOX') OR (p_container = 'MED PKG') OR (p_container = 'MED PACK'))) OR ((p_size <= 15) AND (l_quantity >= 20.0) AND (l_quantity <= 30.0) AND (p_brand = 'Brand#34') AND ((p_container = 'LG CASE') OR (p_container = 'LG BOX') OR (p_container = 'LG PACK') OR (p_container = 'LG PKG'))))",
                                        "Estimated Cardinality": "986"
                                    },
                                    "cpu_time": 0.004469064,
                                    "operator_name": "FILTER",
                                    "result_set_size": 0,
                                    "children": [
                                        {
                                            "operator_timing": 0.0005905070000000001,
                                            "operator_rows_scanned": 0,
                                            "cumulative_rows_scanned": 415218,
                                            "operator_cardinality": 530,
                                            "operator_type": "HASH_JOIN",
                                            "cumulative_cardinality": 204898,
                                            "extra_info": {
                                                "Join Type": "INNER",
                                                "Conditions": "p_partkey = l_partkey",
                                                "Estimated Cardinality": "986"
                                            },
                                            "cpu_time": 0.00440803,
                                            "operator_name": "HASH_JOIN",
                                            "result_set_size": 31800,
                                            "children": [
                                                {
                                                    "operator_timing": 0.0034156099999999995,
                                                    "operator_rows_scanned": 400000,
                                                    "cumulative_rows_scanned": 400000,
                                                    "operator_cardinality": 199518,
                                                    "operator_type": "TABLE_SCAN",
                                                    "cumulative_cardinality": 199518,
                                                    "extra_info": {
                                                        "Table": "part",
                                                        "Type": "Sequential Scan",
                                                        "Projections": [
                                                            "p_partkey",
                                                            "p_brand",
                                                            "p_container",
                                                            "p_size"
                                                        ],
                                                        "Filters": "p_partkey>=49 AND p_partkey<=199997",
                                                        "Estimated Cardinality": "200000"
                                                    },
                                                    "cpu_time": 0.0034156099999999995,
                                                    "operator_name": "SEQ_SCAN ",
                                                    "result_set_size": 8778792,
                                                    "children": []
                                                },
                                                {
                                                    "operator_timing": 0.0000031689999999999996,
                                                    "operator_rows_scanned": 0,
                                                    "cumulative_rows_scanned": 15218,
                                                    "operator_cardinality": 530,
                                                    "operator_type": "PROJECTION",
                                                    "cumulative_cardinality": 4850,
                                                    "extra_info": {
                                                        "Projections": [
                                                            "#0",
                                                            "#1",
                                                            "#3",
                                                            "#4"
                                                        ],
                                                        "Estimated Cardinality": "761"
                                                    },
                                                    "cpu_time": 0.00040191300000000005,
                                                    "operator_name": "PROJECTION",
                                                    "result_set_size": 16960,
                                                    "children": [
                                                        {
                                                            "operator_timing": 0.00006784399999999998,
                                                            "operator_rows_scanned": 0,
                                                            "cumulative_rows_scanned": 15218,
                                                            "operator_cardinality": 530,
                                                            "operator_type": "FILTER",
                                                            "cumulative_cardinality": 4320,
                                                            "extra_info": {
                                                                "Expression": "((l_shipmode = 'AIR') OR (l_shipmode = 'AIR REG'))",
                                                                "Estimated Cardinality": "761"
                                                            },
                                                            "cpu_time": 0.00039874400000000003,
                                                            "operator_name": "FILTER",
                                                            "result_set_size": 25440,
                                                            "children": [
                                                                {
                                                                    "operator_timing": 0.0003309,
                                                                    "operator_rows_scanned": 15218,
                                                                    "cumulative_rows_scanned": 15218,
                                                                    "operator_cardinality": 3790,
                                                                    "operator_type": "TABLE_SCAN",
                                                                    "cumulative_cardinality": 3790,
                                                                    "extra_info": {
                                                                        "Table": "lineitem",
                                                                        "Type": "Sequential Scan",
                                                                        "Projections": [
                                                                            "l_partkey",
                                                                            "l_quantity",
                                                                            "l_shipmode",
                                                                            "l_extendedprice",
                                                                            "l_discount"
                                                                        ],
                                                                        "Filters": [
                                                                            "optional: l_shipmode IN ('AIR', 'AIR REG')",
                                                                            "l_shipinstruct='DELIVER IN PERSON'"
                                                                        ],
                                                                        "Estimated Cardinality": "3805"
                                                                    },
                                                                    "cpu_time": 0.0003309,
                                                                    "operator_name": "SEQ_SCAN ",
                                                                    "result_set_size": 181920,
                                                                    "children": []
                                                                }
                                                            ]
                                                        }
                                                    ]
                                                }
                                            ]
                                        }
                                    ]
                                }
                            ]
                        }
                    ]
                }
            ]
        }
    ]
}