{
    "all_optimizers": 0.00010919999999999998,
    "cumulative_optimizer_timing": 0.00010886000000000001,
    "planner": 0.00008459,
    "planner_binding": 0.00008284,
    "physical_planner": 0.000011629999999999999,
    "physical_planner_column_binding": 8.7e-7,
    "physical_planner_resolve_types": 1e-7,
    "physical_planner_create_plan": 0.0000092,
    "optimizer_common_subexpressions": 0.00000158,
    "optimizer_statistics_propagation": 0.00000742,
    "optimizer_unused_columns": 0.00000629,
    "optimizer_unnest_rewriter": 2.2e-7,
    "optimizer_deliminator": 2.2e-7,
    "optimizer_join_order": 0.00001422,
    "optimizer_in_clause": 3.6e-7,
    "optimizer_regex_range": 1.9e-7,
    "optimizer_cte_filter_pusher": 3.4e-7,
    "optimizer_empty_result_pullup": 2.1e-7,
    "optimizer_filter_pushdown": 0.00002288,
    "optimizer_filter_pullup": 5.9e-7,
    "optimizer_expression_rewriter": 0.00004583,
    "optimizer_common_aggregate": 7.9e-7,
    "optimizer_column_lifetime": 0.0000014900000000000001,
    "cumulative_rows_scanned": 39789,
    "cumulative_cardinality": 501,
    "extra_info": {},
    "cpu_time": 0.0006350899999999999,
    "system_peak_temp_dir_size": 0,
    "optimizer_reorder_filter": 3.1e-7,
    "system_peak_buffer_memory": 12838912,
    "optimizer_duplicate_groups": 0.00000118,
    "blocked_thread_time": 0.0,
    "optimizer_compressed_materialization": 0.0,
    "query_name": "select\n\tsum(l_extendedprice * l_discount) as revenue\nfrom\n\tlineitem\nwhere\n\tl_shipdate >= '1994-01-01'\n\tand l_shipdate < '1995-01-01'\n\tand l_discount between 0.05 and 0.05\n\tand l_quantity < 24;\n",
    "result_set_size": 8,
    "optimizer_build_side_probe_side": 8.3e-7,
    "latency": 0.001377951,
    "optimizer_limit_pushdown": 1.5e-7,
    "rows_returned": 1,
    "optimizer_top_n": 1.9e-7,
    "optimizer_late_materialization": 2.3e-7,
    "optimizer_sum_rewriter": 0.00000289,
    "optimizer_materialized_cte": 0.0,
    "optimizer_extension": 0.0,
    "optimizer_join_filter_pushdown": 3.3e-7,
    "optimizer_sampling_pushdown": 1.2e-7,
    "children": [
        {
            "operator_timing": 0.00022489999999999994,
            "operator_rows_scanned": 0,
            "cumulative_rows_scanned": 39789,
            "operator_cardinality": 1,
            "operator_type": "UNGROUPED_AGGREGATE",
            "cumulative_cardinality": 501,
            "extra_info": {
                "Aggregates": "sum(#0)"
            },
            "cpu_time": 0.0006350899999999999,
            "operator_name": "UNGROUPED_AGGREGATE",
            "result_set_size": 8,
            "children": [
                {
                    "operator_timing": 0.00010037000000000003,
                    "operator_rows_scanned": 0,
                    "cumulative_rows_scanned": 39789,
                    "operator_cardinality": 250,
                    "operator_type": "PROJECTION",
                    "cumulative_cardinality": 500,
                    "extra_info": {
                        "Projections": "(l_extendedprice * l_discount)",
                        "Estimated Cardinality": "7957"
                    },
                    "cpu_time": 0.00041019,
                    "operator_name": "PROJECTION",
                    "result_set_size": 2000,
                    "children": [
                        {
                            "operator_timing": 0.00030982,
                            "operator_rows_scanned": 39789,
                            "cumulative_rows_scanned": 39789,
                            "operator_cardinality": 250,
                            "operator_type": "TABLE_SCAN",
                            "cumulative_cardinality": 250,
                            "extra_info": {
                                "Table": "lineitem",
                                "Type": "Sequential Scan",
                                "Projections": [
                                    "l_discount",
                                    "l_extendedprice"
                                ],
                                "Filters": [
                                    "l_shipdate>='1994-01-01'::DATE AND l_shipdate<'1995-01-01'::DATE",
                                    "l_discount>=0.05 AND l_discount<=0.05",
                                    "l_quantity<24.0"
                                ],
                                "Estimated Cardinality": "7957"
                            },
                            "cpu_time": 0.00030982,
                            "operator_name": "SEQ_SCAN ",
                            "result_set_size": 4000,
                            "children": []
                        }
                    ]
                }
            ]
        }
    ]
}